Date-Time : 2021-06-25 00:01:27,165 : INFO : <RequestsCookieJar[<Cookie sessionid_8888=sessnaGjkYm5TSh7xSbXtJKQ8A== for 10.214.50.233/>]>
Date-Time : 2021-06-25 00:01:27,724 : INFO : New Read WriteTransaction:{"jsonrpc":"2.0","result":{"th":1},"id":1}
Date-Time : 2021-06-25 00:01:28,291 : INFO : Create Tenant GBZ2-FW-LB-Services:{"jsonrpc":"2.0","result":{},"id":1}
Date-Time : 2021-06-25 00:01:28,830 : INFO : Create Service GBZ2-FW-LB-Services-L2-VLAN1629:{"jsonrpc":"2.0","result":{},"id":1}
Date-Time : 2021-06-25 00:01:29,378 : INFO : Set Value Service GBZ2-FW-LB-Services-L2-VLAN1629 Fabric:{"jsonrpc":"2.0","result":{},"id":1}
Date-Time : 2021-06-25 00:01:29,908 : INFO : Create Service GBZ2-FW-LB-Services-L2-VLAN2051:{"jsonrpc":"2.0","result":{},"id":1}
Date-Time : 2021-06-25 00:01:30,472 : INFO : Set Value Service GBZ2-FW-LB-Services-L2-VLAN2051 Fabric:{"jsonrpc":"2.0","result":{},"id":1}
Date-Time : 2021-06-25 00:01:31,011 : INFO : Create Service GBZ2-FW-LB-Services-L2-VLAN2052:{"jsonrpc":"2.0","result":{},"id":1}
Date-Time : 2021-06-25 00:01:31,502 : INFO : Set Value Service GBZ2-FW-LB-Services-L2-VLAN2052 Fabric:{"jsonrpc":"2.0","result":{},"id":1}
Date-Time : 2021-06-25 00:01:31,832 : INFO : Create Service GBZ2-FW-LB-Services-L2-VLAN2053:{"jsonrpc":"2.0","result":{},"id":1}
Date-Time : 2021-06-25 00:01:32,388 : INFO : Set Value Service GBZ2-FW-LB-Services-L2-VLAN2053 Fabric:{"jsonrpc":"2.0","result":{},"id":1}
Date-Time : 2021-06-25 00:01:32,930 : INFO : Create Service GBZ2-FW-LB-Services-L2-VLAN2054:{"jsonrpc":"2.0","result":{},"id":1}
Date-Time : 2021-06-25 00:01:33,377 : INFO : Set Value Service GBZ2-FW-LB-Services-L2-VLAN2054 Fabric:{"jsonrpc":"2.0","result":{},"id":1}
Date-Time : 2021-06-25 00:01:33,930 : INFO : Create Service GBZ2-FW-LB-Services-L2-VLAN2150:{"jsonrpc":"2.0","result":{},"id":1}
Date-Time : 2021-06-25 00:01:34,470 : INFO : Set Value Service GBZ2-FW-LB-Services-L2-VLAN2150 Fabric:{"jsonrpc":"2.0","result":{},"id":1}
Date-Time : 2021-06-25 00:01:35,013 : INFO : Create Service GBZ2-FW-LB-Services-L2-VLAN2151:{"jsonrpc":"2.0","result":{},"id":1}
Date-Time : 2021-06-25 00:01:35,554 : INFO : Set Value Service GBZ2-FW-LB-Services-L2-VLAN2151 Fabric:{"jsonrpc":"2.0","result":{},"id":1}
Date-Time : 2021-06-25 00:01:36,102 : INFO : Create BD VLAN_1629_BD_G2:{"jsonrpc":"2.0","result":{},"id":1}
Date-Time : 2021-06-25 00:01:36,519 : INFO : Set Value VLAN_1629_BD_G2 VRF:{"jsonrpc":"2.0","result":{},"id":1}
Date-Time : 2021-06-25 00:01:36,686 : INFO : Create BD VLAN_2051_BD_G2:{"jsonrpc":"2.0","result":{},"id":1}
Date-Time : 2021-06-25 00:01:36,798 : INFO : Set Value VLAN_2051_BD_G2 VRF:{"jsonrpc":"2.0","result":{},"id":1}
Date-Time : 2021-06-25 00:01:36,956 : INFO : Create BD VLAN_2052_BD_G2:{"jsonrpc":"2.0","result":{},"id":1}
Date-Time : 2021-06-25 00:01:37,068 : INFO : Set Value VLAN_2052_BD_G2 VRF:{"jsonrpc":"2.0","result":{},"id":1}
Date-Time : 2021-06-25 00:01:37,505 : INFO : Create BD VLAN_2053_BD_G2:{"jsonrpc":"2.0","result":{},"id":1}
Date-Time : 2021-06-25 00:01:38,042 : INFO : Set Value VLAN_2053_BD_G2 VRF:{"jsonrpc":"2.0","result":{},"id":1}
Date-Time : 2021-06-25 00:01:38,593 : INFO : Create BD VLAN_2054_BD_G2:{"jsonrpc":"2.0","result":{},"id":1}
Date-Time : 2021-06-25 00:01:38,960 : INFO : Set Value VLAN_2054_BD_G2 VRF:{"jsonrpc":"2.0","result":{},"id":1}
Date-Time : 2021-06-25 00:01:39,500 : INFO : Create BD VLAN_2150_BD_G2:{"jsonrpc":"2.0","result":{},"id":1}
Date-Time : 2021-06-25 00:01:40,041 : INFO : Set Value VLAN_2150_BD_G2 VRF:{"jsonrpc":"2.0","result":{},"id":1}
Date-Time : 2021-06-25 00:01:40,580 : INFO : Create BD VLAN_2151_BD_G2:{"jsonrpc":"2.0","result":{},"id":1}
Date-Time : 2021-06-25 00:01:41,125 : INFO : Set Value VLAN_2151_BD_G2 VRF:{"jsonrpc":"2.0","result":{},"id":1}
Date-Time : 2021-06-25 00:01:41,681 : INFO : Create Epg VLAN_1629_EPG_G2:{"jsonrpc":"2.0","result":{},"id":1}
Date-Time : 2021-06-25 00:01:42,220 : INFO : Create Epg VLAN_2051_EPG_G2:{"jsonrpc":"2.0","result":{},"id":1}
Date-Time : 2021-06-25 00:01:42,762 : INFO : Create Epg VLAN_2052_EPG_G2:{"jsonrpc":"2.0","result":{},"id":1}
Date-Time : 2021-06-25 00:01:43,299 : INFO : Create Epg VLAN_2053_EPG_G2:{"jsonrpc":"2.0","result":{},"id":1}
Date-Time : 2021-06-25 00:01:43,840 : INFO : Create Epg VLAN_2054_EPG_G2:{"jsonrpc":"2.0","result":{},"id":1}
Date-Time : 2021-06-25 00:01:44,384 : INFO : Create Epg VLAN_2150_EPG_G2:{"jsonrpc":"2.0","result":{},"id":1}
Date-Time : 2021-06-25 00:01:44,930 : INFO : Create Epg VLAN_2151_EPG_G2:{"jsonrpc":"2.0","result":{},"id":1}
Date-Time : 2021-06-25 00:01:45,471 : INFO : Create Encap 1629:{"jsonrpc":"2.0","result":{},"id":1}
Date-Time : 2021-06-25 00:01:46,009 : INFO : Create Encap 2051:{"jsonrpc":"2.0","result":{},"id":1}
Date-Time : 2021-06-25 00:01:46,551 : INFO : Create Encap 2052:{"jsonrpc":"2.0","result":{},"id":1}
Date-Time : 2021-06-25 00:01:47,093 : INFO : Create Encap 2053:{"jsonrpc":"2.0","result":{},"id":1}
Date-Time : 2021-06-25 00:01:47,530 : INFO : Create Encap 2054:{"jsonrpc":"2.0","result":{},"id":1}
Date-Time : 2021-06-25 00:01:48,071 : INFO : Create Encap 2150:{"jsonrpc":"2.0","result":{},"id":1}
Date-Time : 2021-06-25 00:01:48,611 : INFO : Create Encap 2151:{"jsonrpc":"2.0","result":{},"id":1}
Date-Time : 2021-06-25 00:01:49,281 : INFO : Create Tenant GBZ2-FW-LB-Services Port PA G2_TCGBZVMPSMSC01_ILO_lf313_E19:{"jsonrpc":"2.0","result":{},"id":1}
Date-Time : 2021-06-25 00:01:49,821 : INFO : Set Value PA G2_TCGBZVMPSMSC01_ILO_lf313_E19 Fabric gbz-aci-ict-fabric-2:{"jsonrpc":"2.0","result":{},"id":1}
Date-Time : 2021-06-25 00:01:50,362 : INFO : Set Value PA G2_TCGBZVMPSMSC01_ILO_lf313_E19 Pod 1:{"jsonrpc":"2.0","result":{},"id":1}
Date-Time : 2021-06-25 00:01:50,906 : INFO : Set Value PA G2_TCGBZVMPSMSC01_ILO_lf313_E19 Type SA:{"jsonrpc":"2.0","result":{},"id":1}
Date-Time : 2021-06-25 00:01:51,441 : INFO : Set Value PA G2_TCGBZVMPSMSC01_ILO_lf313_E19 Interface Profile 1G_HOST_INTPOL_GRP:{"jsonrpc":"2.0","result":{},"id":1}
Date-Time : 2021-06-25 00:01:51,986 : INFO : Set Value PA G2_TCGBZVMPSMSC01_ILO_lf313_E19 Node Id 313:{"jsonrpc":"2.0","result":{},"id":1}
Date-Time : 2021-06-25 00:01:52,532 : INFO : Set Value PA G2_TCGBZVMPSMSC01_ILO_lf313_E19 Node Port 1/19:{"jsonrpc":"2.0","result":{},"id":1}
Date-Time : 2021-06-25 00:01:53,072 : INFO : Create Tenant GBZ2-FW-LB-Services Port PA G2_TCGBZVMPSMSC01_MGMT_lf121_E17:{"jsonrpc":"2.0","result":{},"id":1}
Date-Time : 2021-06-25 00:01:53,613 : INFO : Set Value PA G2_TCGBZVMPSMSC01_MGMT_lf121_E17 Fabric gbz-aci-ict-fabric-2:{"jsonrpc":"2.0","result":{},"id":1}
Date-Time : 2021-06-25 00:01:54,142 : INFO : Set Value PA G2_TCGBZVMPSMSC01_MGMT_lf121_E17 Pod 1:{"jsonrpc":"2.0","result":{},"id":1}
Date-Time : 2021-06-25 00:01:54,695 : INFO : Set Value PA G2_TCGBZVMPSMSC01_MGMT_lf121_E17 Type SA:{"jsonrpc":"2.0","result":{},"id":1}
Date-Time : 2021-06-25 00:01:55,242 : INFO : Set Value PA G2_TCGBZVMPSMSC01_MGMT_lf121_E17 Interface Profile 10G_FW_LB_CLOUD_INTPOL_GRP:{"jsonrpc":"2.0","result":{},"id":1}
Date-Time : 2021-06-25 00:01:55,783 : INFO : Set Value PA G2_TCGBZVMPSMSC01_MGMT_lf121_E17 Node Id 121:{"jsonrpc":"2.0","result":{},"id":1}
Date-Time : 2021-06-25 00:01:56,331 : INFO : Set Value PA G2_TCGBZVMPSMSC01_MGMT_lf121_E17 Node Port 1/17:{"jsonrpc":"2.0","result":{},"id":1}
Date-Time : 2021-06-25 00:01:56,871 : INFO : Create Tenant GBZ2-FW-LB-Services Port PA G2_TCGBZVMPSMSC01_MGMT_lf122_E17:{"jsonrpc":"2.0","result":{},"id":1}
Date-Time : 2021-06-25 00:01:57,411 : INFO : Set Value PA G2_TCGBZVMPSMSC01_MGMT_lf122_E17 Fabric gbz-aci-ict-fabric-2:{"jsonrpc":"2.0","result":{},"id":1}
Date-Time : 2021-06-25 00:01:57,953 : INFO : Set Value PA G2_TCGBZVMPSMSC01_MGMT_lf122_E17 Pod 1:{"jsonrpc":"2.0","result":{},"id":1}
Date-Time : 2021-06-25 00:01:58,511 : INFO : Set Value PA G2_TCGBZVMPSMSC01_MGMT_lf122_E17 Type SA:{"jsonrpc":"2.0","result":{},"id":1}
Date-Time : 2021-06-25 00:01:59,060 : INFO : Set Value PA G2_TCGBZVMPSMSC01_MGMT_lf122_E17 Interface Profile 10G_FW_LB_CLOUD_INTPOL_GRP:{"jsonrpc":"2.0","result":{},"id":1}
Date-Time : 2021-06-25 00:01:59,615 : INFO : Set Value PA G2_TCGBZVMPSMSC01_MGMT_lf122_E17 Node Id 122:{"jsonrpc":"2.0","result":{},"id":1}
Date-Time : 2021-06-25 00:02:00,174 : INFO : Set Value PA G2_TCGBZVMPSMSC01_MGMT_lf122_E17 Node Port 1/17:{"jsonrpc":"2.0","result":{},"id":1}
Date-Time : 2021-06-25 00:02:00,710 : INFO : Create Tenant GBZ2-FW-LB-Services Port PA G2_TCGBZVMPSMSC02_ILO_lf313_E20:{"jsonrpc":"2.0","result":{},"id":1}
Date-Time : 2021-06-25 00:02:01,261 : INFO : Set Value PA G2_TCGBZVMPSMSC02_ILO_lf313_E20 Fabric gbz-aci-ict-fabric-2:{"jsonrpc":"2.0","result":{},"id":1}
Date-Time : 2021-06-25 00:02:01,804 : INFO : Set Value PA G2_TCGBZVMPSMSC02_ILO_lf313_E20 Pod 1:{"jsonrpc":"2.0","result":{},"id":1}
Date-Time : 2021-06-25 00:02:02,374 : INFO : Set Value PA G2_TCGBZVMPSMSC02_ILO_lf313_E20 Type SA:{"jsonrpc":"2.0","result":{},"id":1}
Date-Time : 2021-06-25 00:02:02,913 : INFO : Set Value PA G2_TCGBZVMPSMSC02_ILO_lf313_E20 Interface Profile 1G_HOST_INTPOL_GRP:{"jsonrpc":"2.0","result":{},"id":1}
Date-Time : 2021-06-25 00:02:03,453 : INFO : Set Value PA G2_TCGBZVMPSMSC02_ILO_lf313_E20 Node Id 313:{"jsonrpc":"2.0","result":{},"id":1}
Date-Time : 2021-06-25 00:02:03,997 : INFO : Set Value PA G2_TCGBZVMPSMSC02_ILO_lf313_E20 Node Port 1/20:{"jsonrpc":"2.0","result":{},"id":1}
Date-Time : 2021-06-25 00:02:04,553 : INFO : Create Tenant GBZ2-FW-LB-Services Port PA G2_TCGBZVMPSMSC02_MGMT_lf121_E19:{"jsonrpc":"2.0","result":{},"id":1}
Date-Time : 2021-06-25 00:02:05,095 : INFO : Set Value PA G2_TCGBZVMPSMSC02_MGMT_lf121_E19 Fabric gbz-aci-ict-fabric-2:{"jsonrpc":"2.0","result":{},"id":1}
Date-Time : 2021-06-25 00:02:05,631 : INFO : Set Value PA G2_TCGBZVMPSMSC02_MGMT_lf121_E19 Pod 1:{"jsonrpc":"2.0","result":{},"id":1}
Date-Time : 2021-06-25 00:02:06,176 : INFO : Set Value PA G2_TCGBZVMPSMSC02_MGMT_lf121_E19 Type SA:{"jsonrpc":"2.0","result":{},"id":1}
Date-Time : 2021-06-25 00:02:06,722 : INFO : Set Value PA G2_TCGBZVMPSMSC02_MGMT_lf121_E19 Interface Profile 10G_FW_LB_CLOUD_INTPOL_GRP:{"jsonrpc":"2.0","result":{},"id":1}
Date-Time : 2021-06-25 00:02:07,272 : INFO : Set Value PA G2_TCGBZVMPSMSC02_MGMT_lf121_E19 Node Id 121:{"jsonrpc":"2.0","result":{},"id":1}
Date-Time : 2021-06-25 00:02:07,816 : INFO : Set Value PA G2_TCGBZVMPSMSC02_MGMT_lf121_E19 Node Port 1/19:{"jsonrpc":"2.0","result":{},"id":1}
Date-Time : 2021-06-25 00:02:08,370 : INFO : Create Tenant GBZ2-FW-LB-Services Port PA G2_TCGBZVMPSMSC02_MGMT_lf122_E19:{"jsonrpc":"2.0","result":{},"id":1}
Date-Time : 2021-06-25 00:02:08,912 : INFO : Set Value PA G2_TCGBZVMPSMSC02_MGMT_lf122_E19 Fabric gbz-aci-ict-fabric-2:{"jsonrpc":"2.0","result":{},"id":1}
Date-Time : 2021-06-25 00:02:09,467 : INFO : Set Value PA G2_TCGBZVMPSMSC02_MGMT_lf122_E19 Pod 1:{"jsonrpc":"2.0","result":{},"id":1}
Date-Time : 2021-06-25 00:02:10,012 : INFO : Set Value PA G2_TCGBZVMPSMSC02_MGMT_lf122_E19 Type SA:{"jsonrpc":"2.0","result":{},"id":1}
Date-Time : 2021-06-25 00:02:10,563 : INFO : Set Value PA G2_TCGBZVMPSMSC02_MGMT_lf122_E19 Interface Profile 10G_FW_LB_CLOUD_INTPOL_GRP:{"jsonrpc":"2.0","result":{},"id":1}
Date-Time : 2021-06-25 00:02:11,096 : INFO : Set Value PA G2_TCGBZVMPSMSC02_MGMT_lf122_E19 Node Id 122:{"jsonrpc":"2.0","result":{},"id":1}
Date-Time : 2021-06-25 00:02:11,643 : INFO : Set Value PA G2_TCGBZVMPSMSC02_MGMT_lf122_E19 Node Port 1/19:{"jsonrpc":"2.0","result":{},"id":1}
Date-Time : 2021-06-25 00:02:12,198 : INFO : Create Tenant GBZ2-FW-LB-Services Port PA G2_TCGBZVMPSMSC03_ILO_lf313_E21:{"jsonrpc":"2.0","result":{},"id":1}
Date-Time : 2021-06-25 00:02:12,736 : INFO : Set Value PA G2_TCGBZVMPSMSC03_ILO_lf313_E21 Fabric gbz-aci-ict-fabric-2:{"jsonrpc":"2.0","result":{},"id":1}
Date-Time : 2021-06-25 00:02:13,284 : INFO : Set Value PA G2_TCGBZVMPSMSC03_ILO_lf313_E21 Pod 1:{"jsonrpc":"2.0","result":{},"id":1}
Date-Time : 2021-06-25 00:02:13,834 : INFO : Set Value PA G2_TCGBZVMPSMSC03_ILO_lf313_E21 Type SA:{"jsonrpc":"2.0","result":{},"id":1}
Date-Time : 2021-06-25 00:02:14,374 : INFO : Set Value PA G2_TCGBZVMPSMSC03_ILO_lf313_E21 Interface Profile 1G_HOST_INTPOL_GRP:{"jsonrpc":"2.0","result":{},"id":1}
Date-Time : 2021-06-25 00:02:14,917 : INFO : Set Value PA G2_TCGBZVMPSMSC03_ILO_lf313_E21 Node Id 313:{"jsonrpc":"2.0","result":{},"id":1}
Date-Time : 2021-06-25 00:02:15,465 : INFO : Set Value PA G2_TCGBZVMPSMSC03_ILO_lf313_E21 Node Port 1/21:{"jsonrpc":"2.0","result":{},"id":1}
Date-Time : 2021-06-25 00:02:16,013 : INFO : Create Tenant GBZ2-FW-LB-Services Port PA G2_TCGBZVMPSMSC03_MGMT_lf121_E21:{"jsonrpc":"2.0","result":{},"id":1}
Date-Time : 2021-06-25 00:02:16,544 : INFO : Set Value PA G2_TCGBZVMPSMSC03_MGMT_lf121_E21 Fabric gbz-aci-ict-fabric-2:{"jsonrpc":"2.0","result":{},"id":1}
Date-Time : 2021-06-25 00:02:17,088 : INFO : Set Value PA G2_TCGBZVMPSMSC03_MGMT_lf121_E21 Pod 1:{"jsonrpc":"2.0","result":{},"id":1}
Date-Time : 2021-06-25 00:02:17,632 : INFO : Set Value PA G2_TCGBZVMPSMSC03_MGMT_lf121_E21 Type SA:{"jsonrpc":"2.0","result":{},"id":1}
Date-Time : 2021-06-25 00:02:18,175 : INFO : Set Value PA G2_TCGBZVMPSMSC03_MGMT_lf121_E21 Interface Profile 10G_FW_LB_CLOUD_INTPOL_GRP:{"jsonrpc":"2.0","result":{},"id":1}
Date-Time : 2021-06-25 00:02:18,723 : INFO : Set Value PA G2_TCGBZVMPSMSC03_MGMT_lf121_E21 Node Id 121:{"jsonrpc":"2.0","result":{},"id":1}
Date-Time : 2021-06-25 00:02:19,263 : INFO : Set Value PA G2_TCGBZVMPSMSC03_MGMT_lf121_E21 Node Port 1/21:{"jsonrpc":"2.0","result":{},"id":1}
Date-Time : 2021-06-25 00:02:19,811 : INFO : Create Tenant GBZ2-FW-LB-Services Port PA G2_TCGBZVMPSMSC03_MGMT_lf122_E21:{"jsonrpc":"2.0","result":{},"id":1}
Date-Time : 2021-06-25 00:02:20,353 : INFO : Set Value PA G2_TCGBZVMPSMSC03_MGMT_lf122_E21 Fabric gbz-aci-ict-fabric-2:{"jsonrpc":"2.0","result":{},"id":1}
Date-Time : 2021-06-25 00:02:20,893 : INFO : Set Value PA G2_TCGBZVMPSMSC03_MGMT_lf122_E21 Pod 1:{"jsonrpc":"2.0","result":{},"id":1}
Date-Time : 2021-06-25 00:02:21,424 : INFO : Set Value PA G2_TCGBZVMPSMSC03_MGMT_lf122_E21 Type SA:{"jsonrpc":"2.0","result":{},"id":1}
Date-Time : 2021-06-25 00:02:21,973 : INFO : Set Value PA G2_TCGBZVMPSMSC03_MGMT_lf122_E21 Interface Profile 10G_FW_LB_CLOUD_INTPOL_GRP:{"jsonrpc":"2.0","result":{},"id":1}
Date-Time : 2021-06-25 00:02:22,524 : INFO : Set Value PA G2_TCGBZVMPSMSC03_MGMT_lf122_E21 Node Id 122:{"jsonrpc":"2.0","result":{},"id":1}
Date-Time : 2021-06-25 00:02:23,073 : INFO : Set Value PA G2_TCGBZVMPSMSC03_MGMT_lf122_E21 Node Port 1/21:{"jsonrpc":"2.0","result":{},"id":1}
Date-Time : 2021-06-25 00:02:23,613 : INFO : Create Tenant GBZ2-FW-LB-Services Port PA G2_TCGBZVMPSMSC04_ILO_lf313_E22:{"jsonrpc":"2.0","result":{},"id":1}
Date-Time : 2021-06-25 00:02:24,146 : INFO : Set Value PA G2_TCGBZVMPSMSC04_ILO_lf313_E22 Fabric gbz-aci-ict-fabric-2:{"jsonrpc":"2.0","result":{},"id":1}
Date-Time : 2021-06-25 00:02:24,474 : INFO : Set Value PA G2_TCGBZVMPSMSC04_ILO_lf313_E22 Pod 1:{"jsonrpc":"2.0","result":{},"id":1}
Date-Time : 2021-06-25 00:02:25,002 : INFO : Set Value PA G2_TCGBZVMPSMSC04_ILO_lf313_E22 Type SA:{"jsonrpc":"2.0","result":{},"id":1}
Date-Time : 2021-06-25 00:02:25,542 : INFO : Set Value PA G2_TCGBZVMPSMSC04_ILO_lf313_E22 Interface Profile 1G_HOST_INTPOL_GRP:{"jsonrpc":"2.0","result":{},"id":1}
Date-Time : 2021-06-25 00:02:26,083 : INFO : Set Value PA G2_TCGBZVMPSMSC04_ILO_lf313_E22 Node Id 313:{"jsonrpc":"2.0","result":{},"id":1}
Date-Time : 2021-06-25 00:02:26,627 : INFO : Set Value PA G2_TCGBZVMPSMSC04_ILO_lf313_E22 Node Port 1/22:{"jsonrpc":"2.0","result":{},"id":1}
Date-Time : 2021-06-25 00:02:27,174 : INFO : Create Tenant GBZ2-FW-LB-Services Port PA G2_TCGBZVMPSMSC04_MGMT_lf121_E23:{"jsonrpc":"2.0","result":{},"id":1}
Date-Time : 2021-06-25 00:02:27,713 : INFO : Set Value PA G2_TCGBZVMPSMSC04_MGMT_lf121_E23 Fabric gbz-aci-ict-fabric-2:{"jsonrpc":"2.0","result":{},"id":1}
Date-Time : 2021-06-25 00:02:28,258 : INFO : Set Value PA G2_TCGBZVMPSMSC04_MGMT_lf121_E23 Pod 1:{"jsonrpc":"2.0","result":{},"id":1}
Date-Time : 2021-06-25 00:02:28,814 : INFO : Set Value PA G2_TCGBZVMPSMSC04_MGMT_lf121_E23 Type SA:{"jsonrpc":"2.0","result":{},"id":1}
Date-Time : 2021-06-25 00:02:29,352 : INFO : Set Value PA G2_TCGBZVMPSMSC04_MGMT_lf121_E23 Interface Profile 10G_FW_LB_CLOUD_INTPOL_GRP:{"jsonrpc":"2.0","result":{},"id":1}
Date-Time : 2021-06-25 00:02:29,893 : INFO : Set Value PA G2_TCGBZVMPSMSC04_MGMT_lf121_E23 Node Id 121:{"jsonrpc":"2.0","result":{},"id":1}
Date-Time : 2021-06-25 00:02:30,433 : INFO : Set Value PA G2_TCGBZVMPSMSC04_MGMT_lf121_E23 Node Port 1/23:{"jsonrpc":"2.0","result":{},"id":1}
Date-Time : 2021-06-25 00:02:30,961 : INFO : Create Tenant GBZ2-FW-LB-Services Port PA G2_TCGBZVMPSMSC04_MGMT_lf122_E23:{"jsonrpc":"2.0","result":{},"id":1}
Date-Time : 2021-06-25 00:02:31,504 : INFO : Set Value PA G2_TCGBZVMPSMSC04_MGMT_lf122_E23 Fabric gbz-aci-ict-fabric-2:{"jsonrpc":"2.0","result":{},"id":1}
Date-Time : 2021-06-25 00:02:32,054 : INFO : Set Value PA G2_TCGBZVMPSMSC04_MGMT_lf122_E23 Pod 1:{"jsonrpc":"2.0","result":{},"id":1}
Date-Time : 2021-06-25 00:02:32,593 : INFO : Set Value PA G2_TCGBZVMPSMSC04_MGMT_lf122_E23 Type SA:{"jsonrpc":"2.0","result":{},"id":1}
Date-Time : 2021-06-25 00:02:33,133 : INFO : Set Value PA G2_TCGBZVMPSMSC04_MGMT_lf122_E23 Interface Profile 10G_FW_LB_CLOUD_INTPOL_GRP:{"jsonrpc":"2.0","result":{},"id":1}
Date-Time : 2021-06-25 00:02:33,677 : INFO : Set Value PA G2_TCGBZVMPSMSC04_MGMT_lf122_E23 Node Id 122:{"jsonrpc":"2.0","result":{},"id":1}
Date-Time : 2021-06-25 00:02:34,224 : INFO : Set Value PA G2_TCGBZVMPSMSC04_MGMT_lf122_E23 Node Port 1/23:{"jsonrpc":"2.0","result":{},"id":1}
Date-Time : 2021-06-25 00:02:34,751 : INFO : Create Tenant GBZ2-KAPALI-VLAN Port PA G2_TCGBZDELLBIP01_lf142_E35:{"jsonrpc":"2.0","result":{},"id":1}
Date-Time : 2021-06-25 00:02:35,290 : INFO : Set Value PA G2_TCGBZDELLBIP01_lf142_E35 Fabric gbz-aci-ict-fabric-2:{"jsonrpc":"2.0","result":{},"id":1}
Date-Time : 2021-06-25 00:02:35,826 : INFO : Set Value PA G2_TCGBZDELLBIP01_lf142_E35 Pod 1:{"jsonrpc":"2.0","result":{},"id":1}
Date-Time : 2021-06-25 00:02:36,351 : INFO : Set Value PA G2_TCGBZDELLBIP01_lf142_E35 Type SA:{"jsonrpc":"2.0","result":{},"id":1}
Date-Time : 2021-06-25 00:02:36,881 : INFO : Set Value PA G2_TCGBZDELLBIP01_lf142_E35 Interface Profile 10G_HOST_INTPOL_GRP:{"jsonrpc":"2.0","result":{},"id":1}
Date-Time : 2021-06-25 00:02:37,412 : INFO : Set Value PA G2_TCGBZDELLBIP01_lf142_E35 Node Id 142:{"jsonrpc":"2.0","result":{},"id":1}
Date-Time : 2021-06-25 00:02:37,953 : INFO : Set Value PA G2_TCGBZDELLBIP01_lf142_E35 Node Port 1/35:{"jsonrpc":"2.0","result":{},"id":1}
Date-Time : 2021-06-25 00:02:38,380 : INFO : Create Tenant GBZ2-KAPALI-VLAN Port PA G2_TCGBZDELLBIP01_lf142_E83:{"jsonrpc":"2.0","result":{},"id":1}
Date-Time : 2021-06-25 00:02:38,911 : INFO : Set Value PA G2_TCGBZDELLBIP01_lf142_E83 Fabric gbz-aci-ict-fabric-2:{"jsonrpc":"2.0","result":{},"id":1}
Date-Time : 2021-06-25 00:02:39,440 : INFO : Set Value PA G2_TCGBZDELLBIP01_lf142_E83 Pod 1:{"jsonrpc":"2.0","result":{},"id":1}
Date-Time : 2021-06-25 00:02:39,971 : INFO : Set Value PA G2_TCGBZDELLBIP01_lf142_E83 Type SA:{"jsonrpc":"2.0","result":{},"id":1}
Date-Time : 2021-06-25 00:02:40,514 : INFO : Set Value PA G2_TCGBZDELLBIP01_lf142_E83 Interface Profile 10G_HOST_INTPOL_GRP:{"jsonrpc":"2.0","result":{},"id":1}
Date-Time : 2021-06-25 00:02:41,073 : INFO : Set Value PA G2_TCGBZDELLBIP01_lf142_E83 Node Id 142:{"jsonrpc":"2.0","result":{},"id":1}
Date-Time : 2021-06-25 00:02:41,602 : INFO : Set Value PA G2_TCGBZDELLBIP01_lf142_E83 Node Port 1/83:{"jsonrpc":"2.0","result":{},"id":1}
Date-Time : 2021-06-25 00:02:42,131 : INFO : Create Tenant GBZ2-KAPALI-VLAN Port PA G2_TCGBZDELLBIP02_lf142_E36:{"jsonrpc":"2.0","result":{},"id":1}
Date-Time : 2021-06-25 00:02:42,674 : INFO : Set Value PA G2_TCGBZDELLBIP02_lf142_E36 Fabric gbz-aci-ict-fabric-2:{"jsonrpc":"2.0","result":{},"id":1}
Date-Time : 2021-06-25 00:02:43,213 : INFO : Set Value PA G2_TCGBZDELLBIP02_lf142_E36 Pod 1:{"jsonrpc":"2.0","result":{},"id":1}
Date-Time : 2021-06-25 00:02:43,754 : INFO : Set Value PA G2_TCGBZDELLBIP02_lf142_E36 Type SA:{"jsonrpc":"2.0","result":{},"id":1}
Date-Time : 2021-06-25 00:02:44,298 : INFO : Set Value PA G2_TCGBZDELLBIP02_lf142_E36 Interface Profile 10G_HOST_INTPOL_GRP:{"jsonrpc":"2.0","result":{},"id":1}
Date-Time : 2021-06-25 00:02:44,831 : INFO : Set Value PA G2_TCGBZDELLBIP02_lf142_E36 Node Id 142:{"jsonrpc":"2.0","result":{},"id":1}
Date-Time : 2021-06-25 00:02:45,362 : INFO : Set Value PA G2_TCGBZDELLBIP02_lf142_E36 Node Port 1/36:{"jsonrpc":"2.0","result":{},"id":1}
Date-Time : 2021-06-25 00:02:45,897 : INFO : Create Tenant GBZ2-KAPALI-VLAN Port PA G2_TCGBZDELLBIP02_lf142_E84:{"jsonrpc":"2.0","result":{},"id":1}
Date-Time : 2021-06-25 00:02:46,422 : INFO : Set Value PA G2_TCGBZDELLBIP02_lf142_E84 Fabric gbz-aci-ict-fabric-2:{"jsonrpc":"2.0","result":{},"id":1}
Date-Time : 2021-06-25 00:02:46,952 : INFO : Set Value PA G2_TCGBZDELLBIP02_lf142_E84 Pod 1:{"jsonrpc":"2.0","result":{},"id":1}
Date-Time : 2021-06-25 00:02:47,480 : INFO : Set Value PA G2_TCGBZDELLBIP02_lf142_E84 Type SA:{"jsonrpc":"2.0","result":{},"id":1}
Date-Time : 2021-06-25 00:02:48,011 : INFO : Set Value PA G2_TCGBZDELLBIP02_lf142_E84 Interface Profile 10G_HOST_INTPOL_GRP:{"jsonrpc":"2.0","result":{},"id":1}
Date-Time : 2021-06-25 00:02:48,554 : INFO : Set Value PA G2_TCGBZDELLBIP02_lf142_E84 Node Id 142:{"jsonrpc":"2.0","result":{},"id":1}
Date-Time : 2021-06-25 00:02:49,094 : INFO : Set Value PA G2_TCGBZDELLBIP02_lf142_E84 Node Port 1/84:{"jsonrpc":"2.0","result":{},"id":1}
Date-Time : 2021-06-25 00:02:49,634 : INFO : Create Tenant GBZ2-KAPALI-VLAN Port PA G2_TCGBZDELLBIP03_lf142_E37:{"jsonrpc":"2.0","result":{},"id":1}
Date-Time : 2021-06-25 00:02:50,178 : INFO : Set Value PA G2_TCGBZDELLBIP03_lf142_E37 Fabric gbz-aci-ict-fabric-2:{"jsonrpc":"2.0","result":{},"id":1}
Date-Time : 2021-06-25 00:02:50,707 : INFO : Set Value PA G2_TCGBZDELLBIP03_lf142_E37 Pod 1:{"jsonrpc":"2.0","result":{},"id":1}
Date-Time : 2021-06-25 00:02:51,246 : INFO : Set Value PA G2_TCGBZDELLBIP03_lf142_E37 Type SA:{"jsonrpc":"2.0","result":{},"id":1}
Date-Time : 2021-06-25 00:02:51,785 : INFO : Set Value PA G2_TCGBZDELLBIP03_lf142_E37 Interface Profile 10G_HOST_INTPOL_GRP:{"jsonrpc":"2.0","result":{},"id":1}
Date-Time : 2021-06-25 00:02:52,315 : INFO : Set Value PA G2_TCGBZDELLBIP03_lf142_E37 Node Id 142:{"jsonrpc":"2.0","result":{},"id":1}
Date-Time : 2021-06-25 00:02:52,865 : INFO : Set Value PA G2_TCGBZDELLBIP03_lf142_E37 Node Port 1/37:{"jsonrpc":"2.0","result":{},"id":1}
Date-Time : 2021-06-25 00:02:53,403 : INFO : Create Tenant GBZ2-KAPALI-VLAN Port PA G2_TCGBZDELLBIP03_lf142_E85:{"jsonrpc":"2.0","result":{},"id":1}
Date-Time : 2021-06-25 00:02:53,943 : INFO : Set Value PA G2_TCGBZDELLBIP03_lf142_E85 Fabric gbz-aci-ict-fabric-2:{"jsonrpc":"2.0","result":{},"id":1}
Date-Time : 2021-06-25 00:02:54,424 : INFO : Set Value PA G2_TCGBZDELLBIP03_lf142_E85 Pod 1:{"jsonrpc":"2.0","result":{},"id":1}
Date-Time : 2021-06-25 00:02:54,964 : INFO : Set Value PA G2_TCGBZDELLBIP03_lf142_E85 Type SA:{"jsonrpc":"2.0","result":{},"id":1}
Date-Time : 2021-06-25 00:02:55,494 : INFO : Set Value PA G2_TCGBZDELLBIP03_lf142_E85 Interface Profile 10G_HOST_INTPOL_GRP:{"jsonrpc":"2.0","result":{},"id":1}
Date-Time : 2021-06-25 00:02:56,035 : INFO : Set Value PA G2_TCGBZDELLBIP03_lf142_E85 Node Id 142:{"jsonrpc":"2.0","result":{},"id":1}
Date-Time : 2021-06-25 00:02:56,565 : INFO : Set Value PA G2_TCGBZDELLBIP03_lf142_E85 Node Port 1/85:{"jsonrpc":"2.0","result":{},"id":1}
Date-Time : 2021-06-25 00:02:57,114 : INFO : Create Tenant GBZ2-KAPALI-VLAN Port PA G2_TCGBZDELLBIP04_lf142_E38:{"jsonrpc":"2.0","result":{},"id":1}
Date-Time : 2021-06-25 00:02:57,645 : INFO : Set Value PA G2_TCGBZDELLBIP04_lf142_E38 Fabric gbz-aci-ict-fabric-2:{"jsonrpc":"2.0","result":{},"id":1}
Date-Time : 2021-06-25 00:02:58,184 : INFO : Set Value PA G2_TCGBZDELLBIP04_lf142_E38 Pod 1:{"jsonrpc":"2.0","result":{},"id":1}
Date-Time : 2021-06-25 00:02:58,713 : INFO : Set Value PA G2_TCGBZDELLBIP04_lf142_E38 Type SA:{"jsonrpc":"2.0","result":{},"id":1}
Date-Time : 2021-06-25 00:02:59,257 : INFO : Set Value PA G2_TCGBZDELLBIP04_lf142_E38 Interface Profile 10G_HOST_INTPOL_GRP:{"jsonrpc":"2.0","result":{},"id":1}
Date-Time : 2021-06-25 00:02:59,804 : INFO : Set Value PA G2_TCGBZDELLBIP04_lf142_E38 Node Id 142:{"jsonrpc":"2.0","result":{},"id":1}
Date-Time : 2021-06-25 00:03:00,334 : INFO : Set Value PA G2_TCGBZDELLBIP04_lf142_E38 Node Port 1/38:{"jsonrpc":"2.0","result":{},"id":1}
Date-Time : 2021-06-25 00:03:00,863 : INFO : Create Tenant GBZ2-KAPALI-VLAN Port PA G2_TCGBZDELLBIP04_lf142_E86:{"jsonrpc":"2.0","result":{},"id":1}
Date-Time : 2021-06-25 00:03:01,395 : INFO : Set Value PA G2_TCGBZDELLBIP04_lf142_E86 Fabric gbz-aci-ict-fabric-2:{"jsonrpc":"2.0","result":{},"id":1}
Date-Time : 2021-06-25 00:03:01,935 : INFO : Set Value PA G2_TCGBZDELLBIP04_lf142_E86 Pod 1:{"jsonrpc":"2.0","result":{},"id":1}
Date-Time : 2021-06-25 00:03:02,491 : INFO : Set Value PA G2_TCGBZDELLBIP04_lf142_E86 Type SA:{"jsonrpc":"2.0","result":{},"id":1}
Date-Time : 2021-06-25 00:03:03,031 : INFO : Set Value PA G2_TCGBZDELLBIP04_lf142_E86 Interface Profile 10G_HOST_INTPOL_GRP:{"jsonrpc":"2.0","result":{},"id":1}
Date-Time : 2021-06-25 00:03:03,561 : INFO : Set Value PA G2_TCGBZDELLBIP04_lf142_E86 Node Id 142:{"jsonrpc":"2.0","result":{},"id":1}
Date-Time : 2021-06-25 00:03:04,098 : INFO : Set Value PA G2_TCGBZDELLBIP04_lf142_E86 Node Port 1/86:{"jsonrpc":"2.0","result":{},"id":1}
Date-Time : 2021-06-25 00:03:04,632 : INFO : Create Tenant GBZ2-KAPALI-VLAN Port PA G2_TCGBZDELLBIP05_lf142_E39:{"jsonrpc":"2.0","result":{},"id":1}
Date-Time : 2021-06-25 00:03:05,164 : INFO : Set Value PA G2_TCGBZDELLBIP05_lf142_E39 Fabric gbz-aci-ict-fabric-2:{"jsonrpc":"2.0","result":{},"id":1}
Date-Time : 2021-06-25 00:03:05,706 : INFO : Set Value PA G2_TCGBZDELLBIP05_lf142_E39 Pod 1:{"jsonrpc":"2.0","result":{},"id":1}
Date-Time : 2021-06-25 00:03:06,237 : INFO : Set Value PA G2_TCGBZDELLBIP05_lf142_E39 Type SA:{"jsonrpc":"2.0","result":{},"id":1}
Date-Time : 2021-06-25 00:03:06,785 : INFO : Set Value PA G2_TCGBZDELLBIP05_lf142_E39 Interface Profile 10G_HOST_INTPOL_GRP:{"jsonrpc":"2.0","result":{},"id":1}
Date-Time : 2021-06-25 00:03:07,326 : INFO : Set Value PA G2_TCGBZDELLBIP05_lf142_E39 Node Id 142:{"jsonrpc":"2.0","result":{},"id":1}
Date-Time : 2021-06-25 00:03:07,856 : INFO : Set Value PA G2_TCGBZDELLBIP05_lf142_E39 Node Port 1/39:{"jsonrpc":"2.0","result":{},"id":1}
Date-Time : 2021-06-25 00:03:08,408 : INFO : Create Tenant GBZ2-KAPALI-VLAN Port PA G2_TCGBZDELLBIP05_lf142_E87:{"jsonrpc":"2.0","result":{},"id":1}
Date-Time : 2021-06-25 00:03:08,943 : INFO : Set Value PA G2_TCGBZDELLBIP05_lf142_E87 Fabric gbz-aci-ict-fabric-2:{"jsonrpc":"2.0","result":{},"id":1}
Date-Time : 2021-06-25 00:03:09,363 : INFO : Set Value PA G2_TCGBZDELLBIP05_lf142_E87 Pod 1:{"jsonrpc":"2.0","result":{},"id":1}
Date-Time : 2021-06-25 00:03:09,904 : INFO : Set Value PA G2_TCGBZDELLBIP05_lf142_E87 Type SA:{"jsonrpc":"2.0","result":{},"id":1}
Date-Time : 2021-06-25 00:03:10,444 : INFO : Set Value PA G2_TCGBZDELLBIP05_lf142_E87 Interface Profile 10G_HOST_INTPOL_GRP:{"jsonrpc":"2.0","result":{},"id":1}
Date-Time : 2021-06-25 00:03:10,989 : INFO : Set Value PA G2_TCGBZDELLBIP05_lf142_E87 Node Id 142:{"jsonrpc":"2.0","result":{},"id":1}
Date-Time : 2021-06-25 00:03:11,546 : INFO : Set Value PA G2_TCGBZDELLBIP05_lf142_E87 Node Port 1/87:{"jsonrpc":"2.0","result":{},"id":1}
Date-Time : 2021-06-25 00:03:12,084 : INFO : Create Tenant GBZ2-KAPALI-VLAN Port PA G2_TCGBZDELLBIP06_lf142_E40:{"jsonrpc":"2.0","result":{},"id":1}
Date-Time : 2021-06-25 00:03:12,625 : INFO : Set Value PA G2_TCGBZDELLBIP06_lf142_E40 Fabric gbz-aci-ict-fabric-2:{"jsonrpc":"2.0","result":{},"id":1}
Date-Time : 2021-06-25 00:03:13,179 : INFO : Set Value PA G2_TCGBZDELLBIP06_lf142_E40 Pod 1:{"jsonrpc":"2.0","result":{},"id":1}
Date-Time : 2021-06-25 00:03:13,714 : INFO : Set Value PA G2_TCGBZDELLBIP06_lf142_E40 Type SA:{"jsonrpc":"2.0","result":{},"id":1}
Date-Time : 2021-06-25 00:03:14,256 : INFO : Set Value PA G2_TCGBZDELLBIP06_lf142_E40 Interface Profile 10G_HOST_INTPOL_GRP:{"jsonrpc":"2.0","result":{},"id":1}
Date-Time : 2021-06-25 00:03:14,805 : INFO : Set Value PA G2_TCGBZDELLBIP06_lf142_E40 Node Id 142:{"jsonrpc":"2.0","result":{},"id":1}
Date-Time : 2021-06-25 00:03:15,341 : INFO : Set Value PA G2_TCGBZDELLBIP06_lf142_E40 Node Port 1/40:{"jsonrpc":"2.0","result":{},"id":1}
Date-Time : 2021-06-25 00:03:15,895 : INFO : Create Tenant GBZ2-KAPALI-VLAN Port PA G2_TCGBZDELLBIP06_lf142_E88:{"jsonrpc":"2.0","result":{},"id":1}
Date-Time : 2021-06-25 00:03:16,425 : INFO : Set Value PA G2_TCGBZDELLBIP06_lf142_E88 Fabric gbz-aci-ict-fabric-2:{"jsonrpc":"2.0","result":{},"id":1}
Date-Time : 2021-06-25 00:03:16,970 : INFO : Set Value PA G2_TCGBZDELLBIP06_lf142_E88 Pod 1:{"jsonrpc":"2.0","result":{},"id":1}
Date-Time : 2021-06-25 00:03:17,514 : INFO : Set Value PA G2_TCGBZDELLBIP06_lf142_E88 Type SA:{"jsonrpc":"2.0","result":{},"id":1}
Date-Time : 2021-06-25 00:03:18,054 : INFO : Set Value PA G2_TCGBZDELLBIP06_lf142_E88 Interface Profile 10G_HOST_INTPOL_GRP:{"jsonrpc":"2.0","result":{},"id":1}
Date-Time : 2021-06-25 00:03:18,596 : INFO : Set Value PA G2_TCGBZDELLBIP06_lf142_E88 Node Id 142:{"jsonrpc":"2.0","result":{},"id":1}
Date-Time : 2021-06-25 00:03:19,122 : INFO : Set Value PA G2_TCGBZDELLBIP06_lf142_E88 Node Port 1/88:{"jsonrpc":"2.0","result":{},"id":1}
Date-Time : 2021-06-25 00:03:19,652 : INFO : Create Tenant GBZ2-KAPALI-VLAN Port PA G2_TCGBZDELLBIP07_lf142_E41:{"jsonrpc":"2.0","result":{},"id":1}
Date-Time : 2021-06-25 00:03:20,202 : INFO : Set Value PA G2_TCGBZDELLBIP07_lf142_E41 Fabric gbz-aci-ict-fabric-2:{"jsonrpc":"2.0","result":{},"id":1}
Date-Time : 2021-06-25 00:03:20,724 : INFO : Set Value PA G2_TCGBZDELLBIP07_lf142_E41 Pod 1:{"jsonrpc":"2.0","result":{},"id":1}
Date-Time : 2021-06-25 00:03:21,263 : INFO : Set Value PA G2_TCGBZDELLBIP07_lf142_E41 Type SA:{"jsonrpc":"2.0","result":{},"id":1}
Date-Time : 2021-06-25 00:03:21,803 : INFO : Set Value PA G2_TCGBZDELLBIP07_lf142_E41 Interface Profile 10G_HOST_INTPOL_GRP:{"jsonrpc":"2.0","result":{},"id":1}
Date-Time : 2021-06-25 00:03:22,333 : INFO : Set Value PA G2_TCGBZDELLBIP07_lf142_E41 Node Id 142:{"jsonrpc":"2.0","result":{},"id":1}
Date-Time : 2021-06-25 00:03:22,873 : INFO : Set Value PA G2_TCGBZDELLBIP07_lf142_E41 Node Port 1/41:{"jsonrpc":"2.0","result":{},"id":1}
Date-Time : 2021-06-25 00:03:23,420 : INFO : Create Tenant GBZ2-KAPALI-VLAN Port PA G2_TCGBZDELLBIP07_lf142_E89:{"jsonrpc":"2.0","result":{},"id":1}
Date-Time : 2021-06-25 00:03:23,955 : INFO : Set Value PA G2_TCGBZDELLBIP07_lf142_E89 Fabric gbz-aci-ict-fabric-2:{"jsonrpc":"2.0","result":{},"id":1}
Date-Time : 2021-06-25 00:03:24,417 : INFO : Set Value PA G2_TCGBZDELLBIP07_lf142_E89 Pod 1:{"jsonrpc":"2.0","result":{},"id":1}
Date-Time : 2021-06-25 00:03:24,958 : INFO : Set Value PA G2_TCGBZDELLBIP07_lf142_E89 Type SA:{"jsonrpc":"2.0","result":{},"id":1}
Date-Time : 2021-06-25 00:03:25,496 : INFO : Set Value PA G2_TCGBZDELLBIP07_lf142_E89 Interface Profile 10G_HOST_INTPOL_GRP:{"jsonrpc":"2.0","result":{},"id":1}
Date-Time : 2021-06-25 00:03:26,036 : INFO : Set Value PA G2_TCGBZDELLBIP07_lf142_E89 Node Id 142:{"jsonrpc":"2.0","result":{},"id":1}
Date-Time : 2021-06-25 00:03:26,564 : INFO : Set Value PA G2_TCGBZDELLBIP07_lf142_E89 Node Port 1/89:{"jsonrpc":"2.0","result":{},"id":1}
Date-Time : 2021-06-25 00:03:27,093 : INFO : Create Tenant GBZ2-KAPALI-VLAN Port PA G2_TCGBZDELLBIP08_lf142_E42:{"jsonrpc":"2.0","result":{},"id":1}
Date-Time : 2021-06-25 00:03:27,623 : INFO : Set Value PA G2_TCGBZDELLBIP08_lf142_E42 Fabric gbz-aci-ict-fabric-2:{"jsonrpc":"2.0","result":{},"id":1}
Date-Time : 2021-06-25 00:03:28,153 : INFO : Set Value PA G2_TCGBZDELLBIP08_lf142_E42 Pod 1:{"jsonrpc":"2.0","result":{},"id":1}
Date-Time : 2021-06-25 00:03:28,705 : INFO : Set Value PA G2_TCGBZDELLBIP08_lf142_E42 Type SA:{"jsonrpc":"2.0","result":{},"id":1}
Date-Time : 2021-06-25 00:03:29,247 : INFO : Set Value PA G2_TCGBZDELLBIP08_lf142_E42 Interface Profile 10G_HOST_INTPOL_GRP:{"jsonrpc":"2.0","result":{},"id":1}
Date-Time : 2021-06-25 00:03:29,786 : INFO : Set Value PA G2_TCGBZDELLBIP08_lf142_E42 Node Id 142:{"jsonrpc":"2.0","result":{},"id":1}
Date-Time : 2021-06-25 00:03:30,324 : INFO : Set Value PA G2_TCGBZDELLBIP08_lf142_E42 Node Port 1/42:{"jsonrpc":"2.0","result":{},"id":1}
Date-Time : 2021-06-25 00:03:30,853 : INFO : Create Tenant GBZ2-KAPALI-VLAN Port PA G2_TCGBZDELLBIP08_lf142_E90:{"jsonrpc":"2.0","result":{},"id":1}
Date-Time : 2021-06-25 00:03:31,382 : INFO : Set Value PA G2_TCGBZDELLBIP08_lf142_E90 Fabric gbz-aci-ict-fabric-2:{"jsonrpc":"2.0","result":{},"id":1}
Date-Time : 2021-06-25 00:03:31,914 : INFO : Set Value PA G2_TCGBZDELLBIP08_lf142_E90 Pod 1:{"jsonrpc":"2.0","result":{},"id":1}
Date-Time : 2021-06-25 00:03:32,443 : INFO : Set Value PA G2_TCGBZDELLBIP08_lf142_E90 Type SA:{"jsonrpc":"2.0","result":{},"id":1}
Date-Time : 2021-06-25 00:03:32,863 : INFO : Set Value PA G2_TCGBZDELLBIP08_lf142_E90 Interface Profile 10G_HOST_INTPOL_GRP:{"jsonrpc":"2.0","result":{},"id":1}
Date-Time : 2021-06-25 00:03:33,396 : INFO : Set Value PA G2_TCGBZDELLBIP08_lf142_E90 Node Id 142:{"jsonrpc":"2.0","result":{},"id":1}
Date-Time : 2021-06-25 00:03:33,934 : INFO : Set Value PA G2_TCGBZDELLBIP08_lf142_E90 Node Port 1/90:{"jsonrpc":"2.0","result":{},"id":1}
Date-Time : 2021-06-25 00:03:34,486 : INFO : Create Tenant GBZ2-KAPALI-VLAN Port PA G2_TCGBZDELLBIP09_lf142_E43:{"jsonrpc":"2.0","result":{},"id":1}
Date-Time : 2021-06-25 00:03:35,017 : INFO : Set Value PA G2_TCGBZDELLBIP09_lf142_E43 Fabric gbz-aci-ict-fabric-2:{"jsonrpc":"2.0","result":{},"id":1}
Date-Time : 2021-06-25 00:03:35,545 : INFO : Set Value PA G2_TCGBZDELLBIP09_lf142_E43 Pod 1:{"jsonrpc":"2.0","result":{},"id":1}
Date-Time : 2021-06-25 00:03:36,075 : INFO : Set Value PA G2_TCGBZDELLBIP09_lf142_E43 Type SA:{"jsonrpc":"2.0","result":{},"id":1}
Date-Time : 2021-06-25 00:03:36,605 : INFO : Set Value PA G2_TCGBZDELLBIP09_lf142_E43 Interface Profile 10G_HOST_INTPOL_GRP:{"jsonrpc":"2.0","result":{},"id":1}
Date-Time : 2021-06-25 00:03:37,137 : INFO : Set Value PA G2_TCGBZDELLBIP09_lf142_E43 Node Id 142:{"jsonrpc":"2.0","result":{},"id":1}
Date-Time : 2021-06-25 00:03:37,676 : INFO : Set Value PA G2_TCGBZDELLBIP09_lf142_E43 Node Port 1/43:{"jsonrpc":"2.0","result":{},"id":1}
Date-Time : 2021-06-25 00:03:38,215 : INFO : Create Tenant GBZ2-KAPALI-VLAN Port PA G2_TCGBZDELLBIP09_lf142_E91:{"jsonrpc":"2.0","result":{},"id":1}
Date-Time : 2021-06-25 00:03:38,757 : INFO : Set Value PA G2_TCGBZDELLBIP09_lf142_E91 Fabric gbz-aci-ict-fabric-2:{"jsonrpc":"2.0","result":{},"id":1}
Date-Time : 2021-06-25 00:03:39,285 : INFO : Set Value PA G2_TCGBZDELLBIP09_lf142_E91 Pod 1:{"jsonrpc":"2.0","result":{},"id":1}
Date-Time : 2021-06-25 00:03:39,824 : INFO : Set Value PA G2_TCGBZDELLBIP09_lf142_E91 Type SA:{"jsonrpc":"2.0","result":{},"id":1}
Date-Time : 2021-06-25 00:03:40,356 : INFO : Set Value PA G2_TCGBZDELLBIP09_lf142_E91 Interface Profile 10G_HOST_INTPOL_GRP:{"jsonrpc":"2.0","result":{},"id":1}
Date-Time : 2021-06-25 00:03:40,889 : INFO : Set Value PA G2_TCGBZDELLBIP09_lf142_E91 Node Id 142:{"jsonrpc":"2.0","result":{},"id":1}
Date-Time : 2021-06-25 00:03:41,437 : INFO : Set Value PA G2_TCGBZDELLBIP09_lf142_E91 Node Port 1/91:{"jsonrpc":"2.0","result":{},"id":1}
Date-Time : 2021-06-25 00:03:41,976 : INFO : Create Tenant GBZ2-KAPALI-VLAN Port PA G2_TCGBZDELLBIP10_lf142_E44:{"jsonrpc":"2.0","result":{},"id":1}
Date-Time : 2021-06-25 00:03:42,504 : INFO : Set Value PA G2_TCGBZDELLBIP10_lf142_E44 Fabric gbz-aci-ict-fabric-2:{"jsonrpc":"2.0","result":{},"id":1}
Date-Time : 2021-06-25 00:03:43,036 : INFO : Set Value PA G2_TCGBZDELLBIP10_lf142_E44 Pod 1:{"jsonrpc":"2.0","result":{},"id":1}
Date-Time : 2021-06-25 00:03:43,565 : INFO : Set Value PA G2_TCGBZDELLBIP10_lf142_E44 Type SA:{"jsonrpc":"2.0","result":{},"id":1}
Date-Time : 2021-06-25 00:03:44,094 : INFO : Set Value PA G2_TCGBZDELLBIP10_lf142_E44 Interface Profile 10G_HOST_INTPOL_GRP:{"jsonrpc":"2.0","result":{},"id":1}
Date-Time : 2021-06-25 00:03:44,651 : INFO : Set Value PA G2_TCGBZDELLBIP10_lf142_E44 Node Id 142:{"jsonrpc":"2.0","result":{},"id":1}
Date-Time : 2021-06-25 00:03:45,196 : INFO : Set Value PA G2_TCGBZDELLBIP10_lf142_E44 Node Port 1/44:{"jsonrpc":"2.0","result":{},"id":1}
Date-Time : 2021-06-25 00:03:45,734 : INFO : Create Tenant GBZ2-KAPALI-VLAN Port PA G2_TCGBZDELLBIP10_lf142_E92:{"jsonrpc":"2.0","result":{},"id":1}
Date-Time : 2021-06-25 00:03:46,288 : INFO : Set Value PA G2_TCGBZDELLBIP10_lf142_E92 Fabric gbz-aci-ict-fabric-2:{"jsonrpc":"2.0","result":{},"id":1}
Date-Time : 2021-06-25 00:03:46,818 : INFO : Set Value PA G2_TCGBZDELLBIP10_lf142_E92 Pod 1:{"jsonrpc":"2.0","result":{},"id":1}
Date-Time : 2021-06-25 00:03:47,365 : INFO : Set Value PA G2_TCGBZDELLBIP10_lf142_E92 Type SA:{"jsonrpc":"2.0","result":{},"id":1}
Date-Time : 2021-06-25 00:03:47,906 : INFO : Set Value PA G2_TCGBZDELLBIP10_lf142_E92 Interface Profile 10G_HOST_INTPOL_GRP:{"jsonrpc":"2.0","result":{},"id":1}
Date-Time : 2021-06-25 00:03:48,435 : INFO : Set Value PA G2_TCGBZDELLBIP10_lf142_E92 Node Id 142:{"jsonrpc":"2.0","result":{},"id":1}
Date-Time : 2021-06-25 00:03:48,976 : INFO : Set Value PA G2_TCGBZDELLBIP10_lf142_E92 Node Port 1/92:{"jsonrpc":"2.0","result":{},"id":1}
Date-Time : 2021-06-25 00:03:49,478 : INFO : Create Tenant GBZ2-KAPALI-VLAN Port PA G2_TCGBZDELLBIP11_lf142_E45:{"jsonrpc":"2.0","result":{},"id":1}
Date-Time : 2021-06-25 00:03:49,690 : INFO : Set Value PA G2_TCGBZDELLBIP11_lf142_E45 Fabric gbz-aci-ict-fabric-2:{"jsonrpc":"2.0","result":{},"id":1}
Date-Time : 2021-06-25 00:03:50,026 : INFO : Set Value PA G2_TCGBZDELLBIP11_lf142_E45 Pod 1:{"jsonrpc":"2.0","result":{},"id":1}
Date-Time : 2021-06-25 00:03:50,565 : INFO : Set Value PA G2_TCGBZDELLBIP11_lf142_E45 Type SA:{"jsonrpc":"2.0","result":{},"id":1}
Date-Time : 2021-06-25 00:03:50,781 : INFO : Set Value PA G2_TCGBZDELLBIP11_lf142_E45 Interface Profile 10G_HOST_INTPOL_GRP:{"jsonrpc":"2.0","result":{},"id":1}
Date-Time : 2021-06-25 00:03:51,334 : INFO : Set Value PA G2_TCGBZDELLBIP11_lf142_E45 Node Id 142:{"jsonrpc":"2.0","result":{},"id":1}
Date-Time : 2021-06-25 00:03:51,864 : INFO : Set Value PA G2_TCGBZDELLBIP11_lf142_E45 Node Port 1/45:{"jsonrpc":"2.0","result":{},"id":1}
Date-Time : 2021-06-25 00:03:52,393 : INFO : Create Tenant GBZ2-KAPALI-VLAN Port PA G2_TCGBZDELLBIP11_lf142_E93:{"jsonrpc":"2.0","result":{},"id":1}
Date-Time : 2021-06-25 00:03:52,923 : INFO : Set Value PA G2_TCGBZDELLBIP11_lf142_E93 Fabric gbz-aci-ict-fabric-2:{"jsonrpc":"2.0","result":{},"id":1}
Date-Time : 2021-06-25 00:03:53,453 : INFO : Set Value PA G2_TCGBZDELLBIP11_lf142_E93 Pod 1:{"jsonrpc":"2.0","result":{},"id":1}
Date-Time : 2021-06-25 00:03:53,985 : INFO : Set Value PA G2_TCGBZDELLBIP11_lf142_E93 Type SA:{"jsonrpc":"2.0","result":{},"id":1}
Date-Time : 2021-06-25 00:03:54,315 : INFO : Set Value PA G2_TCGBZDELLBIP11_lf142_E93 Interface Profile 10G_HOST_INTPOL_GRP:{"jsonrpc":"2.0","result":{},"id":1}
Date-Time : 2021-06-25 00:03:54,645 : INFO : Set Value PA G2_TCGBZDELLBIP11_lf142_E93 Node Id 142:{"jsonrpc":"2.0","result":{},"id":1}
Date-Time : 2021-06-25 00:03:55,074 : INFO : Set Value PA G2_TCGBZDELLBIP11_lf142_E93 Node Port 1/93:{"jsonrpc":"2.0","result":{},"id":1}
Date-Time : 2021-06-25 00:03:55,615 : INFO : Create Tenant GBZ2-KAPALI-VLAN Port PA G2_TCGBZDELLBIP12_lf142_E46:{"jsonrpc":"2.0","result":{},"id":1}
Date-Time : 2021-06-25 00:03:56,147 : INFO : Set Value PA G2_TCGBZDELLBIP12_lf142_E46 Fabric gbz-aci-ict-fabric-2:{"jsonrpc":"2.0","result":{},"id":1}
Date-Time : 2021-06-25 00:03:56,687 : INFO : Set Value PA G2_TCGBZDELLBIP12_lf142_E46 Pod 1:{"jsonrpc":"2.0","result":{},"id":1}
Date-Time : 2021-06-25 00:03:57,226 : INFO : Set Value PA G2_TCGBZDELLBIP12_lf142_E46 Type SA:{"jsonrpc":"2.0","result":{},"id":1}
Date-Time : 2021-06-25 00:03:57,766 : INFO : Set Value PA G2_TCGBZDELLBIP12_lf142_E46 Interface Profile 10G_HOST_INTPOL_GRP:{"jsonrpc":"2.0","result":{},"id":1}
Date-Time : 2021-06-25 00:03:58,317 : INFO : Set Value PA G2_TCGBZDELLBIP12_lf142_E46 Node Id 142:{"jsonrpc":"2.0","result":{},"id":1}
Date-Time : 2021-06-25 00:03:58,881 : INFO : Set Value PA G2_TCGBZDELLBIP12_lf142_E46 Node Port 1/46:{"jsonrpc":"2.0","result":{},"id":1}
Date-Time : 2021-06-25 00:03:59,417 : INFO : Create Tenant GBZ2-KAPALI-VLAN Port PA G2_TCGBZDELLBIP12_lf142_E94:{"jsonrpc":"2.0","result":{},"id":1}
Date-Time : 2021-06-25 00:03:59,957 : INFO : Set Value PA G2_TCGBZDELLBIP12_lf142_E94 Fabric gbz-aci-ict-fabric-2:{"jsonrpc":"2.0","result":{},"id":1}
Date-Time : 2021-06-25 00:04:00,483 : INFO : Set Value PA G2_TCGBZDELLBIP12_lf142_E94 Pod 1:{"jsonrpc":"2.0","result":{},"id":1}
Date-Time : 2021-06-25 00:04:01,017 : INFO : Set Value PA G2_TCGBZDELLBIP12_lf142_E94 Type SA:{"jsonrpc":"2.0","result":{},"id":1}
Date-Time : 2021-06-25 00:04:01,556 : INFO : Set Value PA G2_TCGBZDELLBIP12_lf142_E94 Interface Profile 10G_HOST_INTPOL_GRP:{"jsonrpc":"2.0","result":{},"id":1}
Date-Time : 2021-06-25 00:04:02,098 : INFO : Set Value PA G2_TCGBZDELLBIP12_lf142_E94 Node Id 142:{"jsonrpc":"2.0","result":{},"id":1}
Date-Time : 2021-06-25 00:04:02,627 : INFO : Set Value PA G2_TCGBZDELLBIP12_lf142_E94 Node Port 1/94:{"jsonrpc":"2.0","result":{},"id":1}
Date-Time : 2021-06-25 00:04:03,055 : INFO : Create PA G2_TCGBZVMPSMSC01_DATA_121-122_V18:{"jsonrpc":"2.0","result":{},"id":1}
Date-Time : 2021-06-25 00:04:03,596 : INFO : Set Value PA G2_TCGBZVMPSMSC01_DATA_121-122_V18 Fabric gbz-aci-ict-fabric-2:{"jsonrpc":"2.0","result":{},"id":1}
Date-Time : 2021-06-25 00:04:04,131 : INFO : Set Value PA G2_TCGBZVMPSMSC01_DATA_121-122_V18 Pod 1:{"jsonrpc":"2.0","result":{},"id":1}
Date-Time : 2021-06-25 00:04:04,664 : INFO : Set Value PA G2_TCGBZVMPSMSC01_DATA_121-122_V18 Type VPC:{"jsonrpc":"2.0","result":{},"id":1}
Date-Time : 2021-06-25 00:04:05,194 : INFO : Set Value PA G2_TCGBZVMPSMSC01_DATA_121-122_V18 Interface Profile 10G_FW_LB_CLOUD_INTPOL_BUN:{"jsonrpc":"2.0","result":{},"id":1}
Date-Time : 2021-06-25 00:04:05,728 : INFO : Set Value PA G2_TCGBZVMPSMSC01_DATA_121-122_V18 Node 1 Id 121:{"jsonrpc":"2.0","result":{},"id":1}
Date-Time : 2021-06-25 00:04:06,263 : INFO : Set Value PA G2_TCGBZVMPSMSC01_DATA_121-122_V18 Node 2 Id 122:{"jsonrpc":"2.0","result":{},"id":1}
Date-Time : 2021-06-25 00:04:06,794 : INFO : Set Value PA G2_TCGBZVMPSMSC01_DATA_121-122_V18 Node 1 Port 1/18:{"jsonrpc":"2.0","result":{},"id":1}
Date-Time : 2021-06-25 00:04:07,326 : INFO : Set Value PA G2_TCGBZVMPSMSC01_DATA_121-122_V18 Node 2 Port 1/18:{"jsonrpc":"2.0","result":{},"id":1}
Date-Time : 2021-06-25 00:04:07,854 : INFO : Create PA G2_TCGBZVMPSMSC02_DATA_121-122_V20:{"jsonrpc":"2.0","result":{},"id":1}
Date-Time : 2021-06-25 00:04:08,396 : INFO : Set Value PA G2_TCGBZVMPSMSC02_DATA_121-122_V20 Fabric gbz-aci-ict-fabric-2:{"jsonrpc":"2.0","result":{},"id":1}
Date-Time : 2021-06-25 00:04:08,946 : INFO : Set Value PA G2_TCGBZVMPSMSC02_DATA_121-122_V20 Pod 1:{"jsonrpc":"2.0","result":{},"id":1}
Date-Time : 2021-06-25 00:04:09,476 : INFO : Set Value PA G2_TCGBZVMPSMSC02_DATA_121-122_V20 Type VPC:{"jsonrpc":"2.0","result":{},"id":1}
Date-Time : 2021-06-25 00:04:10,021 : INFO : Set Value PA G2_TCGBZVMPSMSC02_DATA_121-122_V20 Interface Profile 10G_FW_LB_CLOUD_INTPOL_BUN:{"jsonrpc":"2.0","result":{},"id":1}
Date-Time : 2021-06-25 00:04:10,554 : INFO : Set Value PA G2_TCGBZVMPSMSC02_DATA_121-122_V20 Node 1 Id 121:{"jsonrpc":"2.0","result":{},"id":1}
Date-Time : 2021-06-25 00:04:11,086 : INFO : Set Value PA G2_TCGBZVMPSMSC02_DATA_121-122_V20 Node 2 Id 122:{"jsonrpc":"2.0","result":{},"id":1}
Date-Time : 2021-06-25 00:04:11,617 : INFO : Set Value PA G2_TCGBZVMPSMSC02_DATA_121-122_V20 Node 1 Port 1/20:{"jsonrpc":"2.0","result":{},"id":1}
Date-Time : 2021-06-25 00:04:12,154 : INFO : Set Value PA G2_TCGBZVMPSMSC02_DATA_121-122_V20 Node 2 Port 1/20:{"jsonrpc":"2.0","result":{},"id":1}
Date-Time : 2021-06-25 00:04:12,695 : INFO : Create PA G2_TCGBZVMPSMSC03_DATA_121-122_V22:{"jsonrpc":"2.0","result":{},"id":1}
Date-Time : 2021-06-25 00:04:13,178 : INFO : Set Value PA G2_TCGBZVMPSMSC03_DATA_121-122_V22 Fabric gbz-aci-ict-fabric-2:{"jsonrpc":"2.0","result":{},"id":1}
Date-Time : 2021-06-25 00:04:13,707 : INFO : Set Value PA G2_TCGBZVMPSMSC03_DATA_121-122_V22 Pod 1:{"jsonrpc":"2.0","result":{},"id":1}
Date-Time : 2021-06-25 00:04:14,235 : INFO : Set Value PA G2_TCGBZVMPSMSC03_DATA_121-122_V22 Type VPC:{"jsonrpc":"2.0","result":{},"id":1}
Date-Time : 2021-06-25 00:04:14,767 : INFO : Set Value PA G2_TCGBZVMPSMSC03_DATA_121-122_V22 Interface Profile 10G_FW_LB_CLOUD_INTPOL_BUN:{"jsonrpc":"2.0","result":{},"id":1}
Date-Time : 2021-06-25 00:04:15,307 : INFO : Set Value PA G2_TCGBZVMPSMSC03_DATA_121-122_V22 Node 1 Id 121:{"jsonrpc":"2.0","result":{},"id":1}
Date-Time : 2021-06-25 00:04:15,847 : INFO : Set Value PA G2_TCGBZVMPSMSC03_DATA_121-122_V22 Node 2 Id 122:{"jsonrpc":"2.0","result":{},"id":1}
Date-Time : 2021-06-25 00:04:16,385 : INFO : Set Value PA G2_TCGBZVMPSMSC03_DATA_121-122_V22 Node 1 Port 1/22:{"jsonrpc":"2.0","result":{},"id":1}
Date-Time : 2021-06-25 00:04:16,924 : INFO : Set Value PA G2_TCGBZVMPSMSC03_DATA_121-122_V22 Node 2 Port 1/22:{"jsonrpc":"2.0","result":{},"id":1}
Date-Time : 2021-06-25 00:04:17,454 : INFO : Create PA G2_TCGBZVMPSMSC04_DATA_121-122_V24:{"jsonrpc":"2.0","result":{},"id":1}
Date-Time : 2021-06-25 00:04:17,994 : INFO : Set Value PA G2_TCGBZVMPSMSC04_DATA_121-122_V24 Fabric gbz-aci-ict-fabric-2:{"jsonrpc":"2.0","result":{},"id":1}
Date-Time : 2021-06-25 00:04:18,546 : INFO : Set Value PA G2_TCGBZVMPSMSC04_DATA_121-122_V24 Pod 1:{"jsonrpc":"2.0","result":{},"id":1}
Date-Time : 2021-06-25 00:04:19,075 : INFO : Set Value PA G2_TCGBZVMPSMSC04_DATA_121-122_V24 Type VPC:{"jsonrpc":"2.0","result":{},"id":1}
Date-Time : 2021-06-25 00:04:19,618 : INFO : Set Value PA G2_TCGBZVMPSMSC04_DATA_121-122_V24 Interface Profile 10G_FW_LB_CLOUD_INTPOL_BUN:{"jsonrpc":"2.0","result":{},"id":1}
Date-Time : 2021-06-25 00:04:20,163 : INFO : Set Value PA G2_TCGBZVMPSMSC04_DATA_121-122_V24 Node 1 Id 121:{"jsonrpc":"2.0","result":{},"id":1}
Date-Time : 2021-06-25 00:04:20,719 : INFO : Set Value PA G2_TCGBZVMPSMSC04_DATA_121-122_V24 Node 2 Id 122:{"jsonrpc":"2.0","result":{},"id":1}
Date-Time : 2021-06-25 00:04:21,264 : INFO : Set Value PA G2_TCGBZVMPSMSC04_DATA_121-122_V24 Node 1 Port 1/24:{"jsonrpc":"2.0","result":{},"id":1}
Date-Time : 2021-06-25 00:04:21,796 : INFO : Set Value PA G2_TCGBZVMPSMSC04_DATA_121-122_V24 Node 2 Port 1/24:{"jsonrpc":"2.0","result":{},"id":1}
Date-Time : 2021-06-25 00:04:22,325 : INFO : Create Tenant Pa G2_TCGBZVMPSMSC01_ILO_lf313_E19:{"jsonrpc":"2.0","result":{},"id":1}
Date-Time : 2021-06-25 00:04:22,856 : INFO : Set Value Tenant Pa G2_TCGBZVMPSMSC01_ILO_lf313_E19 Mode:{"jsonrpc":"2.0","result":{},"id":1}
Date-Time : 2021-06-25 00:04:23,397 : INFO : Create Tenant Pa G2_TCGBZVMPSMSC01_MGMT_lf121_E17:{"jsonrpc":"2.0","result":{},"id":1}
Date-Time : 2021-06-25 00:04:23,937 : INFO : Set Value Tenant Pa G2_TCGBZVMPSMSC01_MGMT_lf121_E17 Mode:{"jsonrpc":"2.0","result":{},"id":1}
Date-Time : 2021-06-25 00:04:24,415 : INFO : Create Tenant Pa G2_TCGBZVMPSMSC01_MGMT_lf122_E17:{"jsonrpc":"2.0","result":{},"id":1}
Date-Time : 2021-06-25 00:04:24,950 : INFO : Set Value Tenant Pa G2_TCGBZVMPSMSC01_MGMT_lf122_E17 Mode:{"jsonrpc":"2.0","result":{},"id":1}
Date-Time : 2021-06-25 00:04:25,478 : INFO : External Tenant Name VMs-PORTS Create External Tenant Pa G2_TCGBZVMPSMSC01_DATA_121-122_V18:{"jsonrpc":"2.0","result":{},"id":1}
Date-Time : 2021-06-25 00:04:26,018 : INFO : External Tenant Name VMs-PORTS Set Value External Tenant Pa G2_TCGBZVMPSMSC01_DATA_121-122_V18 Mode:{"jsonrpc":"2.0","result":{},"id":1}
Date-Time : 2021-06-25 00:04:26,552 : INFO : External Tenant Name VMs-PORTS Create External Tenant Pa G2_TCGBZVMPSMSC01_DATA_121-122_V18:{"jsonrpc":"2.0","result":{},"id":1}
Date-Time : 2021-06-25 00:04:27,075 : INFO : External Tenant Name VMs-PORTS Set Value External Tenant Pa G2_TCGBZVMPSMSC01_DATA_121-122_V18 Mode:{"jsonrpc":"2.0","result":{},"id":1}
Date-Time : 2021-06-25 00:04:27,605 : INFO : External Tenant Name VMs-PORTS Create External Tenant Pa G2_TCGBZVMPSMSC01_DATA_121-122_V18:{"jsonrpc":"2.0","result":{},"id":1}
Date-Time : 2021-06-25 00:04:28,135 : INFO : External Tenant Name VMs-PORTS Set Value External Tenant Pa G2_TCGBZVMPSMSC01_DATA_121-122_V18 Mode:{"jsonrpc":"2.0","result":{},"id":1}
Date-Time : 2021-06-25 00:04:28,677 : INFO : External Tenant Name VMs-PORTS Create External Tenant Pa G2_TCGBZVMPSMSC01_DATA_121-122_V18:{"jsonrpc":"2.0","result":{},"id":1}
Date-Time : 2021-06-25 00:04:29,205 : INFO : External Tenant Name VMs-PORTS Set Value External Tenant Pa G2_TCGBZVMPSMSC01_DATA_121-122_V18 Mode:{"jsonrpc":"2.0","result":{},"id":1}
Date-Time : 2021-06-25 00:04:29,734 : INFO : External Tenant Name VMs-PORTS Create External Tenant Pa G2_TCGBZVMPSMSC01_DATA_121-122_V18:{"jsonrpc":"2.0","result":{},"id":1}
Date-Time : 2021-06-25 00:04:30,275 : INFO : External Tenant Name VMs-PORTS Set Value External Tenant Pa G2_TCGBZVMPSMSC01_DATA_121-122_V18 Mode:{"jsonrpc":"2.0","result":{},"id":1}
Date-Time : 2021-06-25 00:04:30,809 : INFO : External Tenant Name VMs-PORTS Create External Tenant Pa G2_TCGBZVMPSMSC01_DATA_121-122_V18:{"jsonrpc":"2.0","result":{},"id":1}
Date-Time : 2021-06-25 00:04:31,335 : INFO : External Tenant Name VMs-PORTS Set Value External Tenant Pa G2_TCGBZVMPSMSC01_DATA_121-122_V18 Mode:{"jsonrpc":"2.0","result":{},"id":1}
Date-Time : 2021-06-25 00:04:31,866 : INFO : Create Tenant Pa G2_TCGBZVMPSMSC02_ILO_lf313_E20:{"jsonrpc":"2.0","result":{},"id":1}
Date-Time : 2021-06-25 00:04:32,396 : INFO : Set Value Tenant Pa G2_TCGBZVMPSMSC02_ILO_lf313_E20 Mode:{"jsonrpc":"2.0","result":{},"id":1}
Date-Time : 2021-06-25 00:04:32,929 : INFO : Create Tenant Pa G2_TCGBZVMPSMSC02_MGMT_lf121_E19:{"jsonrpc":"2.0","result":{},"id":1}
Date-Time : 2021-06-25 00:04:33,457 : INFO : Set Value Tenant Pa G2_TCGBZVMPSMSC02_MGMT_lf121_E19 Mode:{"jsonrpc":"2.0","result":{},"id":1}
Date-Time : 2021-06-25 00:04:33,984 : INFO : Create Tenant Pa G2_TCGBZVMPSMSC02_MGMT_lf122_E19:{"jsonrpc":"2.0","result":{},"id":1}
Date-Time : 2021-06-25 00:04:34,526 : INFO : Set Value Tenant Pa G2_TCGBZVMPSMSC02_MGMT_lf122_E19 Mode:{"jsonrpc":"2.0","result":{},"id":1}
Date-Time : 2021-06-25 00:04:35,089 : INFO : External Tenant Name VMs-PORTS Create External Tenant Pa G2_TCGBZVMPSMSC02_DATA_121-122_V20:{"jsonrpc":"2.0","result":{},"id":1}
Date-Time : 2021-06-25 00:04:35,615 : INFO : External Tenant Name VMs-PORTS Set Value External Tenant Pa G2_TCGBZVMPSMSC02_DATA_121-122_V20 Mode:{"jsonrpc":"2.0","result":{},"id":1}
Date-Time : 2021-06-25 00:04:36,149 : INFO : External Tenant Name VMs-PORTS Create External Tenant Pa G2_TCGBZVMPSMSC02_DATA_121-122_V20:{"jsonrpc":"2.0","result":{},"id":1}
Date-Time : 2021-06-25 00:04:36,676 : INFO : External Tenant Name VMs-PORTS Set Value External Tenant Pa G2_TCGBZVMPSMSC02_DATA_121-122_V20 Mode:{"jsonrpc":"2.0","result":{},"id":1}
Date-Time : 2021-06-25 00:04:37,213 : INFO : External Tenant Name VMs-PORTS Create External Tenant Pa G2_TCGBZVMPSMSC02_DATA_121-122_V20:{"jsonrpc":"2.0","result":{},"id":1}
Date-Time : 2021-06-25 00:04:37,749 : INFO : External Tenant Name VMs-PORTS Set Value External Tenant Pa G2_TCGBZVMPSMSC02_DATA_121-122_V20 Mode:{"jsonrpc":"2.0","result":{},"id":1}
Date-Time : 2021-06-25 00:04:38,277 : INFO : External Tenant Name VMs-PORTS Create External Tenant Pa G2_TCGBZVMPSMSC02_DATA_121-122_V20:{"jsonrpc":"2.0","result":{},"id":1}
Date-Time : 2021-06-25 00:04:38,805 : INFO : External Tenant Name VMs-PORTS Set Value External Tenant Pa G2_TCGBZVMPSMSC02_DATA_121-122_V20 Mode:{"jsonrpc":"2.0","result":{},"id":1}
Date-Time : 2021-06-25 00:04:39,340 : INFO : External Tenant Name VMs-PORTS Create External Tenant Pa G2_TCGBZVMPSMSC02_DATA_121-122_V20:{"jsonrpc":"2.0","result":{},"id":1}
Date-Time : 2021-06-25 00:04:39,879 : INFO : External Tenant Name VMs-PORTS Set Value External Tenant Pa G2_TCGBZVMPSMSC02_DATA_121-122_V20 Mode:{"jsonrpc":"2.0","result":{},"id":1}
Date-Time : 2021-06-25 00:04:40,417 : INFO : External Tenant Name VMs-PORTS Create External Tenant Pa G2_TCGBZVMPSMSC02_DATA_121-122_V20:{"jsonrpc":"2.0","result":{},"id":1}
Date-Time : 2021-06-25 00:04:40,963 : INFO : External Tenant Name VMs-PORTS Set Value External Tenant Pa G2_TCGBZVMPSMSC02_DATA_121-122_V20 Mode:{"jsonrpc":"2.0","result":{},"id":1}
Date-Time : 2021-06-25 00:04:41,520 : INFO : Create Tenant Pa G2_TCGBZVMPSMSC03_ILO_lf313_E21:{"jsonrpc":"2.0","result":{},"id":1}
Date-Time : 2021-06-25 00:04:42,058 : INFO : Set Value Tenant Pa G2_TCGBZVMPSMSC03_ILO_lf313_E21 Mode:{"jsonrpc":"2.0","result":{},"id":1}
Date-Time : 2021-06-25 00:04:42,589 : INFO : Create Tenant Pa G2_TCGBZVMPSMSC03_MGMT_lf121_E21:{"jsonrpc":"2.0","result":{},"id":1}
Date-Time : 2021-06-25 00:04:43,115 : INFO : Set Value Tenant Pa G2_TCGBZVMPSMSC03_MGMT_lf121_E21 Mode:{"jsonrpc":"2.0","result":{},"id":1}
Date-Time : 2021-06-25 00:04:43,645 : INFO : Create Tenant Pa G2_TCGBZVMPSMSC03_MGMT_lf122_E21:{"jsonrpc":"2.0","result":{},"id":1}
Date-Time : 2021-06-25 00:04:44,177 : INFO : Set Value Tenant Pa G2_TCGBZVMPSMSC03_MGMT_lf122_E21 Mode:{"jsonrpc":"2.0","result":{},"id":1}
Date-Time : 2021-06-25 00:04:44,705 : INFO : External Tenant Name VMs-PORTS Create External Tenant Pa G2_TCGBZVMPSMSC03_DATA_121-122_V22:{"jsonrpc":"2.0","result":{},"id":1}
Date-Time : 2021-06-25 00:04:45,250 : INFO : External Tenant Name VMs-PORTS Set Value External Tenant Pa G2_TCGBZVMPSMSC03_DATA_121-122_V22 Mode:{"jsonrpc":"2.0","result":{},"id":1}
Date-Time : 2021-06-25 00:04:45,788 : INFO : External Tenant Name VMs-PORTS Create External Tenant Pa G2_TCGBZVMPSMSC03_DATA_121-122_V22:{"jsonrpc":"2.0","result":{},"id":1}
Date-Time : 2021-06-25 00:04:46,328 : INFO : External Tenant Name VMs-PORTS Set Value External Tenant Pa G2_TCGBZVMPSMSC03_DATA_121-122_V22 Mode:{"jsonrpc":"2.0","result":{},"id":1}
Date-Time : 2021-06-25 00:04:46,857 : INFO : External Tenant Name VMs-PORTS Create External Tenant Pa G2_TCGBZVMPSMSC03_DATA_121-122_V22:{"jsonrpc":"2.0","result":{},"id":1}
Date-Time : 2021-06-25 00:04:47,411 : INFO : External Tenant Name VMs-PORTS Set Value External Tenant Pa G2_TCGBZVMPSMSC03_DATA_121-122_V22 Mode:{"jsonrpc":"2.0","result":{},"id":1}
Date-Time : 2021-06-25 00:04:47,969 : INFO : External Tenant Name VMs-PORTS Create External Tenant Pa G2_TCGBZVMPSMSC03_DATA_121-122_V22:{"jsonrpc":"2.0","result":{},"id":1}
Date-Time : 2021-06-25 00:04:48,510 : INFO : External Tenant Name VMs-PORTS Set Value External Tenant Pa G2_TCGBZVMPSMSC03_DATA_121-122_V22 Mode:{"jsonrpc":"2.0","result":{},"id":1}
Date-Time : 2021-06-25 00:04:49,049 : INFO : External Tenant Name VMs-PORTS Create External Tenant Pa G2_TCGBZVMPSMSC03_DATA_121-122_V22:{"jsonrpc":"2.0","result":{},"id":1}
Date-Time : 2021-06-25 00:04:49,598 : INFO : External Tenant Name VMs-PORTS Set Value External Tenant Pa G2_TCGBZVMPSMSC03_DATA_121-122_V22 Mode:{"jsonrpc":"2.0","result":{},"id":1}
Date-Time : 2021-06-25 00:04:50,140 : INFO : External Tenant Name VMs-PORTS Create External Tenant Pa G2_TCGBZVMPSMSC03_DATA_121-122_V22:{"jsonrpc":"2.0","result":{},"id":1}
Date-Time : 2021-06-25 00:04:50,692 : INFO : External Tenant Name VMs-PORTS Set Value External Tenant Pa G2_TCGBZVMPSMSC03_DATA_121-122_V22 Mode:{"jsonrpc":"2.0","result":{},"id":1}
Date-Time : 2021-06-25 00:04:51,237 : INFO : Create Tenant Pa G2_TCGBZVMPSMSC04_ILO_lf313_E22:{"jsonrpc":"2.0","result":{},"id":1}
Date-Time : 2021-06-25 00:04:51,778 : INFO : Set Value Tenant Pa G2_TCGBZVMPSMSC04_ILO_lf313_E22 Mode:{"jsonrpc":"2.0","result":{},"id":1}
Date-Time : 2021-06-25 00:04:52,316 : INFO : Create Tenant Pa G2_TCGBZVMPSMSC04_MGMT_lf121_E23:{"jsonrpc":"2.0","result":{},"id":1}
Date-Time : 2021-06-25 00:04:52,848 : INFO : Set Value Tenant Pa G2_TCGBZVMPSMSC04_MGMT_lf121_E23 Mode:{"jsonrpc":"2.0","result":{},"id":1}
Date-Time : 2021-06-25 00:04:53,387 : INFO : Create Tenant Pa G2_TCGBZVMPSMSC04_MGMT_lf122_E23:{"jsonrpc":"2.0","result":{},"id":1}
Date-Time : 2021-06-25 00:04:53,930 : INFO : Set Value Tenant Pa G2_TCGBZVMPSMSC04_MGMT_lf122_E23 Mode:{"jsonrpc":"2.0","result":{},"id":1}
Date-Time : 2021-06-25 00:04:54,427 : INFO : External Tenant Name VMs-PORTS Create External Tenant Pa G2_TCGBZVMPSMSC04_DATA_121-122_V24:{"jsonrpc":"2.0","result":{},"id":1}
Date-Time : 2021-06-25 00:04:54,973 : INFO : External Tenant Name VMs-PORTS Set Value External Tenant Pa G2_TCGBZVMPSMSC04_DATA_121-122_V24 Mode:{"jsonrpc":"2.0","result":{},"id":1}
Date-Time : 2021-06-25 00:04:55,507 : INFO : External Tenant Name VMs-PORTS Create External Tenant Pa G2_TCGBZVMPSMSC04_DATA_121-122_V24:{"jsonrpc":"2.0","result":{},"id":1}
Date-Time : 2021-06-25 00:04:56,049 : INFO : External Tenant Name VMs-PORTS Set Value External Tenant Pa G2_TCGBZVMPSMSC04_DATA_121-122_V24 Mode:{"jsonrpc":"2.0","result":{},"id":1}
Date-Time : 2021-06-25 00:04:56,590 : INFO : External Tenant Name VMs-PORTS Create External Tenant Pa G2_TCGBZVMPSMSC04_DATA_121-122_V24:{"jsonrpc":"2.0","result":{},"id":1}
Date-Time : 2021-06-25 00:04:57,127 : INFO : External Tenant Name VMs-PORTS Set Value External Tenant Pa G2_TCGBZVMPSMSC04_DATA_121-122_V24 Mode:{"jsonrpc":"2.0","result":{},"id":1}
Date-Time : 2021-06-25 00:04:57,667 : INFO : External Tenant Name VMs-PORTS Create External Tenant Pa G2_TCGBZVMPSMSC04_DATA_121-122_V24:{"jsonrpc":"2.0","result":{},"id":1}
Date-Time : 2021-06-25 00:04:58,220 : INFO : External Tenant Name VMs-PORTS Set Value External Tenant Pa G2_TCGBZVMPSMSC04_DATA_121-122_V24 Mode:{"jsonrpc":"2.0","result":{},"id":1}
Date-Time : 2021-06-25 00:04:58,763 : INFO : External Tenant Name VMs-PORTS Create External Tenant Pa G2_TCGBZVMPSMSC04_DATA_121-122_V24:{"jsonrpc":"2.0","result":{},"id":1}
Date-Time : 2021-06-25 00:04:59,309 : INFO : External Tenant Name VMs-PORTS Set Value External Tenant Pa G2_TCGBZVMPSMSC04_DATA_121-122_V24 Mode:{"jsonrpc":"2.0","result":{},"id":1}
Date-Time : 2021-06-25 00:04:59,847 : INFO : External Tenant Name VMs-PORTS Create External Tenant Pa G2_TCGBZVMPSMSC04_DATA_121-122_V24:{"jsonrpc":"2.0","result":{},"id":1}
Date-Time : 2021-06-25 00:05:00,404 : INFO : External Tenant Name VMs-PORTS Set Value External Tenant Pa G2_TCGBZVMPSMSC04_DATA_121-122_V24 Mode:{"jsonrpc":"2.0","result":{},"id":1}
Date-Time : 2021-06-25 00:05:00,937 : INFO : Create Tenant Pa G2_TCGBZDELLBIP01_lf142_E35:{"jsonrpc":"2.0","result":{},"id":1}
Date-Time : 2021-06-25 00:05:01,479 : INFO : Set Value Tenant Pa G2_TCGBZDELLBIP01_lf142_E35 Mode:{"jsonrpc":"2.0","result":{},"id":1}
Date-Time : 2021-06-25 00:05:02,018 : INFO : Create Tenant Pa G2_TCGBZDELLBIP01_lf142_E83:{"jsonrpc":"2.0","result":{},"id":1}
Date-Time : 2021-06-25 00:05:02,559 : INFO : Set Value Tenant Pa G2_TCGBZDELLBIP01_lf142_E83 Mode:{"jsonrpc":"2.0","result":{},"id":1}
Date-Time : 2021-06-25 00:05:03,111 : INFO : Create Tenant Pa G2_TCGBZDELLBIP02_lf142_E36:{"jsonrpc":"2.0","result":{},"id":1}
Date-Time : 2021-06-25 00:05:03,649 : INFO : Set Value Tenant Pa G2_TCGBZDELLBIP02_lf142_E36 Mode:{"jsonrpc":"2.0","result":{},"id":1}
Date-Time : 2021-06-25 00:05:04,198 : INFO : Create Tenant Pa G2_TCGBZDELLBIP02_lf142_E84:{"jsonrpc":"2.0","result":{},"id":1}
Date-Time : 2021-06-25 00:05:04,750 : INFO : Set Value Tenant Pa G2_TCGBZDELLBIP02_lf142_E84 Mode:{"jsonrpc":"2.0","result":{},"id":1}
Date-Time : 2021-06-25 00:05:05,309 : INFO : Create Tenant Pa G2_TCGBZDELLBIP03_lf142_E37:{"jsonrpc":"2.0","result":{},"id":1}
Date-Time : 2021-06-25 00:05:05,859 : INFO : Set Value Tenant Pa G2_TCGBZDELLBIP03_lf142_E37 Mode:{"jsonrpc":"2.0","result":{},"id":1}
Date-Time : 2021-06-25 00:05:06,397 : INFO : Create Tenant Pa G2_TCGBZDELLBIP03_lf142_E85:{"jsonrpc":"2.0","result":{},"id":1}
Date-Time : 2021-06-25 00:05:06,939 : INFO : Set Value Tenant Pa G2_TCGBZDELLBIP03_lf142_E85 Mode:{"jsonrpc":"2.0","result":{},"id":1}
Date-Time : 2021-06-25 00:05:07,478 : INFO : Create Tenant Pa G2_TCGBZDELLBIP04_lf142_E38:{"jsonrpc":"2.0","result":{},"id":1}
Date-Time : 2021-06-25 00:05:08,020 : INFO : Set Value Tenant Pa G2_TCGBZDELLBIP04_lf142_E38 Mode:{"jsonrpc":"2.0","result":{},"id":1}
Date-Time : 2021-06-25 00:05:08,558 : INFO : Create Tenant Pa G2_TCGBZDELLBIP04_lf142_E86:{"jsonrpc":"2.0","result":{},"id":1}
Date-Time : 2021-06-25 00:05:09,097 : INFO : Set Value Tenant Pa G2_TCGBZDELLBIP04_lf142_E86 Mode:{"jsonrpc":"2.0","result":{},"id":1}
Date-Time : 2021-06-25 00:05:09,626 : INFO : Create Tenant Pa G2_TCGBZDELLBIP05_lf142_E39:{"jsonrpc":"2.0","result":{},"id":1}
Date-Time : 2021-06-25 00:05:10,160 : INFO : Set Value Tenant Pa G2_TCGBZDELLBIP05_lf142_E39 Mode:{"jsonrpc":"2.0","result":{},"id":1}
Date-Time : 2021-06-25 00:05:10,702 : INFO : Create Tenant Pa G2_TCGBZDELLBIP05_lf142_E87:{"jsonrpc":"2.0","result":{},"id":1}
Date-Time : 2021-06-25 00:05:11,249 : INFO : Set Value Tenant Pa G2_TCGBZDELLBIP05_lf142_E87 Mode:{"jsonrpc":"2.0","result":{},"id":1}
Date-Time : 2021-06-25 00:05:11,777 : INFO : Create Tenant Pa G2_TCGBZDELLBIP06_lf142_E40:{"jsonrpc":"2.0","result":{},"id":1}
Date-Time : 2021-06-25 00:05:12,320 : INFO : Set Value Tenant Pa G2_TCGBZDELLBIP06_lf142_E40 Mode:{"jsonrpc":"2.0","result":{},"id":1}
Date-Time : 2021-06-25 00:05:12,858 : INFO : Create Tenant Pa G2_TCGBZDELLBIP06_lf142_E88:{"jsonrpc":"2.0","result":{},"id":1}
Date-Time : 2021-06-25 00:05:13,399 : INFO : Set Value Tenant Pa G2_TCGBZDELLBIP06_lf142_E88 Mode:{"jsonrpc":"2.0","result":{},"id":1}
Date-Time : 2021-06-25 00:05:13,938 : INFO : Create Tenant Pa G2_TCGBZDELLBIP07_lf142_E41:{"jsonrpc":"2.0","result":{},"id":1}
Date-Time : 2021-06-25 00:05:14,479 : INFO : Set Value Tenant Pa G2_TCGBZDELLBIP07_lf142_E41 Mode:{"jsonrpc":"2.0","result":{},"id":1}
Date-Time : 2021-06-25 00:05:15,017 : INFO : Create Tenant Pa G2_TCGBZDELLBIP07_lf142_E89:{"jsonrpc":"2.0","result":{},"id":1}
Date-Time : 2021-06-25 00:05:15,559 : INFO : Set Value Tenant Pa G2_TCGBZDELLBIP07_lf142_E89 Mode:{"jsonrpc":"2.0","result":{},"id":1}
Date-Time : 2021-06-25 00:05:16,101 : INFO : Create Tenant Pa G2_TCGBZDELLBIP08_lf142_E42:{"jsonrpc":"2.0","result":{},"id":1}
Date-Time : 2021-06-25 00:05:16,656 : INFO : Set Value Tenant Pa G2_TCGBZDELLBIP08_lf142_E42 Mode:{"jsonrpc":"2.0","result":{},"id":1}
Date-Time : 2021-06-25 00:05:17,197 : INFO : Create Tenant Pa G2_TCGBZDELLBIP08_lf142_E90:{"jsonrpc":"2.0","result":{},"id":1}
Date-Time : 2021-06-25 00:05:17,734 : INFO : Set Value Tenant Pa G2_TCGBZDELLBIP08_lf142_E90 Mode:{"jsonrpc":"2.0","result":{},"id":1}
Date-Time : 2021-06-25 00:05:18,293 : INFO : Create Tenant Pa G2_TCGBZDELLBIP09_lf142_E43:{"jsonrpc":"2.0","result":{},"id":1}
Date-Time : 2021-06-25 00:05:18,839 : INFO : Set Value Tenant Pa G2_TCGBZDELLBIP09_lf142_E43 Mode:{"jsonrpc":"2.0","result":{},"id":1}
Date-Time : 2021-06-25 00:05:19,380 : INFO : Create Tenant Pa G2_TCGBZDELLBIP09_lf142_E91:{"jsonrpc":"2.0","result":{},"id":1}
Date-Time : 2021-06-25 00:05:19,933 : INFO : Set Value Tenant Pa G2_TCGBZDELLBIP09_lf142_E91 Mode:{"jsonrpc":"2.0","result":{},"id":1}
Date-Time : 2021-06-25 00:05:20,470 : INFO : Create Tenant Pa G2_TCGBZDELLBIP10_lf142_E44:{"jsonrpc":"2.0","result":{},"id":1}
Date-Time : 2021-06-25 00:05:21,026 : INFO : Set Value Tenant Pa G2_TCGBZDELLBIP10_lf142_E44 Mode:{"jsonrpc":"2.0","result":{},"id":1}
Date-Time : 2021-06-25 00:05:21,570 : INFO : Create Tenant Pa G2_TCGBZDELLBIP10_lf142_E92:{"jsonrpc":"2.0","result":{},"id":1}
Date-Time : 2021-06-25 00:05:22,110 : INFO : Set Value Tenant Pa G2_TCGBZDELLBIP10_lf142_E92 Mode:{"jsonrpc":"2.0","result":{},"id":1}
Date-Time : 2021-06-25 00:05:22,653 : INFO : Create Tenant Pa G2_TCGBZDELLBIP11_lf142_E45:{"jsonrpc":"2.0","result":{},"id":1}
Date-Time : 2021-06-25 00:05:23,199 : INFO : Set Value Tenant Pa G2_TCGBZDELLBIP11_lf142_E45 Mode:{"jsonrpc":"2.0","result":{},"id":1}
Date-Time : 2021-06-25 00:05:23,756 : INFO : Create Tenant Pa G2_TCGBZDELLBIP11_lf142_E93:{"jsonrpc":"2.0","result":{},"id":1}
Date-Time : 2021-06-25 00:05:24,291 : INFO : Set Value Tenant Pa G2_TCGBZDELLBIP11_lf142_E93 Mode:{"jsonrpc":"2.0","result":{},"id":1}
Date-Time : 2021-06-25 00:05:24,839 : INFO : Create Tenant Pa G2_TCGBZDELLBIP12_lf142_E46:{"jsonrpc":"2.0","result":{},"id":1}
Date-Time : 2021-06-25 00:05:25,389 : INFO : Set Value Tenant Pa G2_TCGBZDELLBIP12_lf142_E46 Mode:{"jsonrpc":"2.0","result":{},"id":1}
Date-Time : 2021-06-25 00:05:25,931 : INFO : Create Tenant Pa G2_TCGBZDELLBIP12_lf142_E94:{"jsonrpc":"2.0","result":{},"id":1}
Date-Time : 2021-06-25 00:05:26,471 : INFO : Set Value Tenant Pa G2_TCGBZDELLBIP12_lf142_E94 Mode:{"jsonrpc":"2.0","result":{},"id":1}
Date-Time : 2021-06-25 00:05:27,019 : INFO : External Tenant Name VMs-PORTS Create External Tenant Pa G2_TCGBZVMPSMSC01_DATA_121-122_V18:{"jsonrpc":"2.0","result":{},"id":1}
Date-Time : 2021-06-25 00:05:27,559 : INFO : External Tenant Name VMs-PORTS Set Value External Tenant Pa G2_TCGBZVMPSMSC01_DATA_121-122_V18 Mode:{"jsonrpc":"2.0","result":{},"id":1}
Date-Time : 2021-06-25 00:05:28,101 : INFO : External Tenant Name VMs-PORTS Create External Tenant Pa G2_TCGBZVMPSMSC02_DATA_121-122_V20:{"jsonrpc":"2.0","result":{},"id":1}
Date-Time : 2021-06-25 00:05:28,639 : INFO : External Tenant Name VMs-PORTS Set Value External Tenant Pa G2_TCGBZVMPSMSC02_DATA_121-122_V20 Mode:{"jsonrpc":"2.0","result":{},"id":1}
Date-Time : 2021-06-25 00:05:29,177 : INFO : External Tenant Name VMs-PORTS Create External Tenant Pa G2_TCGBZVMPSMSC03_DATA_121-122_V22:{"jsonrpc":"2.0","result":{},"id":1}
Date-Time : 2021-06-25 00:05:29,706 : INFO : External Tenant Name VMs-PORTS Set Value External Tenant Pa G2_TCGBZVMPSMSC03_DATA_121-122_V22 Mode:{"jsonrpc":"2.0","result":{},"id":1}
Date-Time : 2021-06-25 00:05:30,237 : INFO : External Tenant Name VMs-PORTS Create External Tenant Pa G2_TCGBZVMPSMSC04_DATA_121-122_V24:{"jsonrpc":"2.0","result":{},"id":1}
Date-Time : 2021-06-25 00:05:30,767 : INFO : External Tenant Name VMs-PORTS Set Value External Tenant Pa G2_TCGBZVMPSMSC04_DATA_121-122_V24 Mode:{"jsonrpc":"2.0","result":{},"id":1}
Date-Time : 2021-06-25 00:05:31,297 : INFO : Create L2Ext:{"jsonrpc":"2.0","result":{},"id":1}
Date-Time : 2021-06-25 00:05:31,828 : INFO : Set Value L2Ext Name BLF_801_802_DCI_VPC_INTPOL:{"jsonrpc":"2.0","result":{},"id":1}
Date-Time : 2021-06-25 00:05:32,362 : INFO : Set Value L2VPN Type EVPN:{"jsonrpc":"2.0","result":{},"id":1}
Date-Time : 2021-06-25 00:05:32,888 : INFO : Set Value EVPN EVI 1629:{"jsonrpc":"2.0","result":{},"id":1}
Date-Time : 2021-06-25 00:05:33,418 : INFO : Set Value EVPN MTU 9000:{"jsonrpc":"2.0","result":{},"id":1}
Date-Time : 2021-06-25 00:05:33,947 : INFO : Create L2Ext:{"jsonrpc":"2.0","result":{},"id":1}
Date-Time : 2021-06-25 00:05:34,480 : INFO : Set Value L2Ext Name BLF_801_802_DCI_VPC_INTPOL:{"jsonrpc":"2.0","result":{},"id":1}
Date-Time : 2021-06-25 00:05:35,020 : INFO : Set Value L2VPN Type EVPN:{"jsonrpc":"2.0","result":{},"id":1}
Date-Time : 2021-06-25 00:05:35,560 : INFO : Set Value EVPN EVI 2051:{"jsonrpc":"2.0","result":{},"id":1}
Date-Time : 2021-06-25 00:05:36,099 : INFO : Set Value EVPN MTU 9000:{"jsonrpc":"2.0","result":{},"id":1}
Date-Time : 2021-06-25 00:05:36,639 : INFO : Create L2Ext:{"jsonrpc":"2.0","result":{},"id":1}
Date-Time : 2021-06-25 00:05:37,190 : INFO : Set Value L2Ext Name BLF_801_802_DCI_VPC_INTPOL:{"jsonrpc":"2.0","result":{},"id":1}
Date-Time : 2021-06-25 00:05:37,729 : INFO : Set Value L2VPN Type EVPN:{"jsonrpc":"2.0","result":{},"id":1}
Date-Time : 2021-06-25 00:05:38,290 : INFO : Set Value EVPN EVI 2052:{"jsonrpc":"2.0","result":{},"id":1}
Date-Time : 2021-06-25 00:05:38,831 : INFO : Set Value EVPN MTU 9000:{"jsonrpc":"2.0","result":{},"id":1}
Date-Time : 2021-06-25 00:05:39,358 : INFO : Create L2Ext:{"jsonrpc":"2.0","result":{},"id":1}
Date-Time : 2021-06-25 00:05:39,890 : INFO : Set Value L2Ext Name BLF_801_802_DCI_VPC_INTPOL:{"jsonrpc":"2.0","result":{},"id":1}
Date-Time : 2021-06-25 00:05:40,418 : INFO : Set Value L2VPN Type EVPN:{"jsonrpc":"2.0","result":{},"id":1}
Date-Time : 2021-06-25 00:05:40,949 : INFO : Set Value EVPN EVI 2053:{"jsonrpc":"2.0","result":{},"id":1}
Date-Time : 2021-06-25 00:05:41,481 : INFO : Set Value EVPN MTU 9000:{"jsonrpc":"2.0","result":{},"id":1}
Date-Time : 2021-06-25 00:05:42,021 : INFO : Create L2Ext:{"jsonrpc":"2.0","result":{},"id":1}
Date-Time : 2021-06-25 00:05:42,576 : INFO : Set Value L2Ext Name BLF_801_802_DCI_VPC_INTPOL:{"jsonrpc":"2.0","result":{},"id":1}
Date-Time : 2021-06-25 00:05:43,111 : INFO : Set Value L2VPN Type EVPN:{"jsonrpc":"2.0","result":{},"id":1}
Date-Time : 2021-06-25 00:05:43,653 : INFO : Set Value EVPN EVI 2054:{"jsonrpc":"2.0","result":{},"id":1}
Date-Time : 2021-06-25 00:05:44,200 : INFO : Set Value EVPN MTU 9000:{"jsonrpc":"2.0","result":{},"id":1}
Date-Time : 2021-06-25 00:05:44,740 : INFO : Create L2Ext:{"jsonrpc":"2.0","result":{},"id":1}
Date-Time : 2021-06-25 00:05:45,306 : INFO : Set Value L2Ext Name BLF_801_802_DCI_VPC_INTPOL:{"jsonrpc":"2.0","result":{},"id":1}
Date-Time : 2021-06-25 00:05:45,854 : INFO : Set Value L2VPN Type EVPN:{"jsonrpc":"2.0","result":{},"id":1}
Date-Time : 2021-06-25 00:05:46,401 : INFO : Set Value EVPN EVI 2150:{"jsonrpc":"2.0","result":{},"id":1}
Date-Time : 2021-06-25 00:05:46,952 : INFO : Set Value EVPN MTU 9000:{"jsonrpc":"2.0","result":{},"id":1}
Date-Time : 2021-06-25 00:05:47,488 : INFO : Create L2Ext:{"jsonrpc":"2.0","result":{},"id":1}
Date-Time : 2021-06-25 00:05:48,030 : INFO : Set Value L2Ext Name BLF_801_802_DCI_VPC_INTPOL:{"jsonrpc":"2.0","result":{},"id":1}
Date-Time : 2021-06-25 00:05:48,571 : INFO : Set Value L2VPN Type EVPN:{"jsonrpc":"2.0","result":{},"id":1}
Date-Time : 2021-06-25 00:05:49,111 : INFO : Set Value EVPN EVI 2151:{"jsonrpc":"2.0","result":{},"id":1}
Date-Time : 2021-06-25 00:05:49,652 : INFO : Set Value EVPN MTU 9000:{"jsonrpc":"2.0","result":{},"id":1}
Date-Time : 2021-06-25 00:05:52,283 : ERROR : Tenant Name:GBZ2-FW-LB-Services Service Name:GBZ2-FW-LB-Services-L2-VLAN1629 Bd Name:VLAN_1629_BD_G2 | L2EXT EVI Tenant Name:GBZ2-FW-LB-Services Service Name:GBZ2-FW-LB-Services-L2-VLAN1629 Bd Name:VLAN_1629_BD_G2
Date-Time : 2021-06-25 00:05:52,284 : ERROR : Tenant Name:GBZ2-FW-LB-Services Service Name:GBZ2-FW-LB-Services-L2-VLAN1629 Bd Name:VLAN_1629_BD_G2 | Query EVI Tenant Name:GBZ2-FW-LB-Services Service Name:GBZ2-FW-LB-Services-L2-VLAN1629 Bd Name:VLAN_1629_BD_G2
Date-Time : 2021-06-25 00:05:52,284 : ERROR : Tenant Name:GBZ2-FW-LB-Services Service Name:GBZ2-FW-LB-Services-L2-VLAN2051 Bd Name:VLAN_2051_BD_G2 | L2EXT EVI Tenant Name:GBZ2-FW-LB-Services Service Name:GBZ2-FW-LB-Services-L2-VLAN2051 Bd Name:VLAN_2051_BD_G2
Date-Time : 2021-06-25 00:05:52,284 : ERROR : Tenant Name:GBZ2-FW-LB-Services Service Name:GBZ2-FW-LB-Services-L2-VLAN2051 Bd Name:VLAN_2051_BD_G2 | Query EVI Tenant Name:GBZ2-FW-LB-Services Service Name:GBZ2-FW-LB-Services-L2-VLAN2051 Bd Name:VLAN_2051_BD_G2
Date-Time : 2021-06-25 00:05:52,284 : ERROR : Tenant Name:GBZ2-FW-LB-Services Service Name:GBZ2-FW-LB-Services-L2-VLAN2052 Bd Name:VLAN_2052_BD_G2 | L2EXT EVI Tenant Name:GBZ2-FW-LB-Services Service Name:GBZ2-FW-LB-Services-L2-VLAN2052 Bd Name:VLAN_2052_BD_G2
Date-Time : 2021-06-25 00:05:52,284 : ERROR : Tenant Name:GBZ2-FW-LB-Services Service Name:GBZ2-FW-LB-Services-L2-VLAN2052 Bd Name:VLAN_2052_BD_G2 | Query EVI Tenant Name:GBZ2-FW-LB-Services Service Name:GBZ2-FW-LB-Services-L2-VLAN2052 Bd Name:VLAN_2052_BD_G2
Date-Time : 2021-06-25 00:05:52,284 : ERROR : Tenant Name:GBZ2-FW-LB-Services Service Name:GBZ2-FW-LB-Services-L2-VLAN2053 Bd Name:VLAN_2053_BD_G2 | L2EXT EVI Tenant Name:GBZ2-FW-LB-Services Service Name:GBZ2-FW-LB-Services-L2-VLAN2053 Bd Name:VLAN_2053_BD_G2
Date-Time : 2021-06-25 00:05:52,284 : ERROR : Tenant Name:GBZ2-FW-LB-Services Service Name:GBZ2-FW-LB-Services-L2-VLAN2053 Bd Name:VLAN_2053_BD_G2 | Query EVI Tenant Name:GBZ2-FW-LB-Services Service Name:GBZ2-FW-LB-Services-L2-VLAN2053 Bd Name:VLAN_2053_BD_G2
Date-Time : 2021-06-25 00:05:52,285 : ERROR : Tenant Name:GBZ2-FW-LB-Services Service Name:GBZ2-FW-LB-Services-L2-VLAN2054 Bd Name:VLAN_2054_BD_G2 | L2EXT EVI Tenant Name:GBZ2-FW-LB-Services Service Name:GBZ2-FW-LB-Services-L2-VLAN2054 Bd Name:VLAN_2054_BD_G2
Date-Time : 2021-06-25 00:05:52,285 : ERROR : Tenant Name:GBZ2-FW-LB-Services Service Name:GBZ2-FW-LB-Services-L2-VLAN2054 Bd Name:VLAN_2054_BD_G2 | Query EVI Tenant Name:GBZ2-FW-LB-Services Service Name:GBZ2-FW-LB-Services-L2-VLAN2054 Bd Name:VLAN_2054_BD_G2
Date-Time : 2021-06-25 00:05:52,285 : ERROR : Tenant Name:GBZ2-FW-LB-Services Service Name:GBZ2-FW-LB-Services-L2-VLAN2150 Bd Name:VLAN_2150_BD_G2 | L2EXT EVI Tenant Name:GBZ2-FW-LB-Services Service Name:GBZ2-FW-LB-Services-L2-VLAN2150 Bd Name:VLAN_2150_BD_G2
Date-Time : 2021-06-25 00:05:52,285 : ERROR : Tenant Name:GBZ2-FW-LB-Services Service Name:GBZ2-FW-LB-Services-L2-VLAN2150 Bd Name:VLAN_2150_BD_G2 | Query EVI Tenant Name:GBZ2-FW-LB-Services Service Name:GBZ2-FW-LB-Services-L2-VLAN2150 Bd Name:VLAN_2150_BD_G2
Date-Time : 2021-06-25 00:05:52,285 : ERROR : Tenant Name:GBZ2-FW-LB-Services Service Name:GBZ2-FW-LB-Services-L2-VLAN2151 Bd Name:VLAN_2151_BD_G2 | L2EXT EVI Tenant Name:GBZ2-FW-LB-Services Service Name:GBZ2-FW-LB-Services-L2-VLAN2151 Bd Name:VLAN_2151_BD_G2
Date-Time : 2021-06-25 00:05:52,285 : ERROR : Tenant Name:GBZ2-FW-LB-Services Service Name:GBZ2-FW-LB-Services-L2-VLAN2151 Bd Name:VLAN_2151_BD_G2 | Query EVI Tenant Name:GBZ2-FW-LB-Services Service Name:GBZ2-FW-LB-Services-L2-VLAN2151 Bd Name:VLAN_2151_BD_G2
Date-Time : 2021-06-25 00:06:03,259 : INFO : Validate Commit:{"jsonrpc":"2.0","result":{},"id":1}
Date-Time : 2021-06-25 00:06:45,163 : INFO : Commit:{"jsonrpc":"2.0","result":{},"id":1}
